{"C:\\Users\\zadca\\OneDrive\\Documents\\GitHub\\marvels-fit-studios\\app\\actions\\account-security.ts": {"path":"C:\\Users\\zadca\\OneDrive\\Documents\\GitHub\\marvels-fit-studios\\app\\actions\\account-security.ts","statementMap":{"0":{"start":{"line":1,"column":0},"end":{"line":1,"column":null}},"1":{"start":{"line":16,"column":15},"end":{"line":16,"column":34}},"2":{"start":{"line":17,"column":17},"end":{"line":17,"column":54}},"3":{"start":{"line":19,"column":2},"end":{"line":22,"column":null}},"4":{"start":{"line":20,"column":4},"end":{"line":22,"column":null}},"5":{"start":{"line":25,"column":2},"end":{"line":29,"column":null}},"6":{"start":{"line":31,"column":2},"end":{"line":31,"column":null}},"7":{"start":{"line":32,"column":2},"end":{"line":32,"column":null}},"8":{"start":{"line":33,"column":2},"end":{"line":33,"column":null}},"9":{"start":{"line":34,"column":2},"end":{"line":34,"column":null}}},"fnMap":{"0":{"name":"changeOwnPassword","decl":{"start":{"line":15,"column":22},"end":{"line":15,"column":40}},"loc":{"start":{"line":15,"column":71},"end":{"line":34,"column":null}},"line":15}},"branchMap":{"0":{"loc":{"start":{"line":19,"column":2},"end":{"line":22,"column":null}},"type":"if","locations":[{"start":{"line":19,"column":2},"end":{"line":22,"column":null}},{"start":{},"end":{}}],"line":19},"1":{"loc":{"start":{"line":21,"column":6},"end":{"line":21,"column":null}},"type":"binary-expr","locations":[{"start":{"line":21,"column":6},"end":{"line":21,"column":41}},{"start":{"line":21,"column":41},"end":{"line":21,"column":null}}],"line":21}},"s":{"0":1,"1":2,"2":2,"3":2,"4":1,"5":1,"6":1,"7":1,"8":1,"9":1},"f":{"0":2},"b":{"0":[1,1],"1":[1,0]},"meta":{"lastBranch":2,"lastFunction":1,"lastStatement":10,"seen":{"s:1:0:1:Infinity":0,"f:15:22:15:40":0,"s:16:15:16:34":1,"s:17:17:17:54":2,"b:19:2:22:Infinity:undefined:undefined:undefined:undefined":0,"s:19:2:22:Infinity":3,"s:20:4:22:Infinity":4,"b:21:6:21:41:21:41:21:Infinity":1,"s:25:2:29:Infinity":5,"s:31:2:31:Infinity":6,"s:32:2:32:Infinity":7,"s:33:2:33:Infinity":8,"s:34:2:34:Infinity":9}}}
,"C:\\Users\\zadca\\OneDrive\\Documents\\GitHub\\marvels-fit-studios\\app\\actions\\join-now-types.ts": {"path":"C:\\Users\\zadca\\OneDrive\\Documents\\GitHub\\marvels-fit-studios\\app\\actions\\join-now-types.ts","statementMap":{"0":{"start":{"line":17,"column":55},"end":{"line":20,"column":null}}},"fnMap":{},"branchMap":{},"s":{"0":1},"f":{},"b":{},"meta":{"lastBranch":0,"lastFunction":0,"lastStatement":1,"seen":{"s:17:55:20:Infinity":0}}}
,"C:\\Users\\zadca\\OneDrive\\Documents\\GitHub\\marvels-fit-studios\\app\\actions\\landing.ts": {"path":"C:\\Users\\zadca\\OneDrive\\Documents\\GitHub\\marvels-fit-studios\\app\\actions\\landing.ts","statementMap":{"0":{"start":{"line":1,"column":0},"end":{"line":1,"column":null}},"1":{"start":{"line":17,"column":22},"end":{"line":20,"column":2}},"2":{"start":{"line":23,"column":8},"end":{"line":23,"column":28}},"3":{"start":{"line":24,"column":14},"end":{"line":24,"column":24}},"4":{"start":{"line":25,"column":17},"end":{"line":27,"column":null}},"5":{"start":{"line":29,"column":37},"end":{"line":56,"column":4}},"6":{"start":{"line":58,"column":28},"end":{"line":60,"column":null}},"7":{"start":{"line":61,"column":28},"end":{"line":69,"column":7}},"8":{"start":{"line":62,"column":10},"end":{"line":62,"column":69}},"9":{"start":{"line":64,"column":4},"end":{"line":65,"column":null}},"10":{"start":{"line":65,"column":6},"end":{"line":65,"column":null}},"11":{"start":{"line":68,"column":4},"end":{"line":68,"column":null}},"12":{"start":{"line":71,"column":2},"end":{"line":73,"column":null}},"13":{"start":{"line":80,"column":17},"end":{"line":83,"column":4}},"14":{"start":{"line":85,"column":2},"end":{"line":90,"column":null}},"15":{"start":{"line":86,"column":4},"end":{"line":90,"column":null}},"16":{"start":{"line":93,"column":8},"end":{"line":93,"column":28}},"17":{"start":{"line":94,"column":8},"end":{"line":94,"column":65}},"18":{"start":{"line":95,"column":27},"end":{"line":95,"column":54}},"19":{"start":{"line":96,"column":28},"end":{"line":96,"column":80}},"20":{"start":{"line":97,"column":23},"end":{"line":97,"column":65}},"21":{"start":{"line":99,"column":41},"end":{"line":113,"column":4}},"22":{"start":{"line":115,"column":2},"end":{"line":122,"column":null}},"23":{"start":{"line":116,"column":4},"end":{"line":122,"column":null}},"24":{"start":{"line":125,"column":2},"end":{"line":132,"column":null}},"25":{"start":{"line":126,"column":4},"end":{"line":132,"column":null}},"26":{"start":{"line":135,"column":2},"end":{"line":145,"column":null}},"27":{"start":{"line":147,"column":2},"end":{"line":157,"column":null}}},"fnMap":{"0":{"name":"reserveNextClientId","decl":{"start":{"line":22,"column":15},"end":{"line":22,"column":37}},"loc":{"start":{"line":22,"column":37},"end":{"line":73,"column":null}},"line":22},"1":{"name":"(anonymous_1)","decl":{"start":{"line":61,"column":41},"end":{"line":61,"column":49}},"loc":{"start":{"line":61,"column":63},"end":{"line":69,"column":7}},"line":61},"2":{"name":"submitJoinNowLead","decl":{"start":{"line":76,"column":22},"end":{"line":76,"column":null}},"loc":{"start":{"line":79,"column":31},"end":{"line":157,"column":null}},"line":79}},"branchMap":{"0":{"loc":{"start":{"line":58,"column":28},"end":{"line":60,"column":null}},"type":"cond-expr","locations":[{"start":{"line":59,"column":6},"end":{"line":59,"column":58}},{"start":{"line":60,"column":6},"end":{"line":60,"column":null}}],"line":58},"1":{"loc":{"start":{"line":64,"column":4},"end":{"line":65,"column":null}},"type":"if","locations":[{"start":{"line":64,"column":4},"end":{"line":65,"column":null}},{"start":{},"end":{}}],"line":64},"2":{"loc":{"start":{"line":64,"column":8},"end":{"line":64,"column":65}},"type":"binary-expr","locations":[{"start":{"line":64,"column":8},"end":{"line":64,"column":29}},{"start":{"line":64,"column":29},"end":{"line":64,"column":65}}],"line":64},"3":{"loc":{"start":{"line":85,"column":2},"end":{"line":90,"column":null}},"type":"if","locations":[{"start":{"line":85,"column":2},"end":{"line":90,"column":null}},{"start":{},"end":{}}],"line":85},"4":{"loc":{"start":{"line":115,"column":2},"end":{"line":122,"column":null}},"type":"if","locations":[{"start":{"line":115,"column":2},"end":{"line":122,"column":null}},{"start":{},"end":{}}],"line":115},"5":{"loc":{"start":{"line":125,"column":2},"end":{"line":132,"column":null}},"type":"if","locations":[{"start":{"line":125,"column":2},"end":{"line":132,"column":null}},{"start":{},"end":{}}],"line":125}},"s":{"0":1,"1":1,"2":2,"3":2,"4":2,"5":2,"6":2,"7":2,"8":0,"9":0,"10":0,"11":0,"12":2,"13":2,"14":2,"15":0,"16":2,"17":2,"18":2,"19":2,"20":2,"21":2,"22":2,"23":0,"24":2,"25":1,"26":1,"27":1},"f":{"0":2,"1":0,"2":2},"b":{"0":[0,2],"1":[0,0],"2":[0,0],"3":[0,2],"4":[0,2],"5":[1,1]},"meta":{"lastBranch":6,"lastFunction":3,"lastStatement":28,"seen":{"s:1:0:1:Infinity":0,"s:17:22:20:2":1,"f:22:15:22:37":0,"s:23:8:23:28":2,"s:24:14:24:24":3,"s:25:17:27:Infinity":4,"s:29:37:56:4":5,"s:58:28:60:Infinity":6,"b:59:6:59:58:60:6:60:Infinity":0,"s:61:28:69:7":7,"f:61:41:61:49":1,"s:62:10:62:69":8,"b:64:4:65:Infinity:undefined:undefined:undefined:undefined":1,"s:64:4:65:Infinity":9,"b:64:8:64:29:64:29:64:65":2,"s:65:6:65:Infinity":10,"s:68:4:68:Infinity":11,"s:71:2:73:Infinity":12,"f:76:22:76:Infinity":2,"s:80:17:83:4":13,"b:85:2:90:Infinity:undefined:undefined:undefined:undefined":3,"s:85:2:90:Infinity":14,"s:86:4:90:Infinity":15,"s:93:8:93:28":16,"s:94:8:94:65":17,"s:95:27:95:54":18,"s:96:28:96:80":19,"s:97:23:97:65":20,"s:99:41:113:4":21,"b:115:2:122:Infinity:undefined:undefined:undefined:undefined":4,"s:115:2:122:Infinity":22,"s:116:4:122:Infinity":23,"b:125:2:132:Infinity:undefined:undefined:undefined:undefined":5,"s:125:2:132:Infinity":24,"s:126:4:132:Infinity":25,"s:135:2:145:Infinity":26,"s:147:2:157:Infinity":27}}}
,"C:\\Users\\zadca\\OneDrive\\Documents\\GitHub\\marvels-fit-studios\\app\\actions\\password-reset-state.ts": {"path":"C:\\Users\\zadca\\OneDrive\\Documents\\GitHub\\marvels-fit-studios\\app\\actions\\password-reset-state.ts","statementMap":{"0":{"start":{"line":7,"column":67},"end":{"line":10,"column":null}}},"fnMap":{},"branchMap":{},"s":{"0":1},"f":{},"b":{},"meta":{"lastBranch":0,"lastFunction":0,"lastStatement":1,"seen":{"s:7:67:10:Infinity":0}}}
,"C:\\Users\\zadca\\OneDrive\\Documents\\GitHub\\marvels-fit-studios\\app\\actions\\password-reset.ts": {"path":"C:\\Users\\zadca\\OneDrive\\Documents\\GitHub\\marvels-fit-studios\\app\\actions\\password-reset.ts","statementMap":{"0":{"start":{"line":1,"column":0},"end":{"line":1,"column":null}},"1":{"start":{"line":14,"column":17},"end":{"line":16,"column":4}},"2":{"start":{"line":18,"column":2},"end":{"line":23,"column":null}},"3":{"start":{"line":19,"column":4},"end":{"line":23,"column":null}},"4":{"start":{"line":26,"column":2},"end":{"line":26,"column":null}},"5":{"start":{"line":28,"column":2},"end":{"line":31,"column":null}},"6":{"start":{"line":38,"column":17},"end":{"line":42,"column":4}},"7":{"start":{"line":44,"column":2},"end":{"line":49,"column":null}},"8":{"start":{"line":45,"column":4},"end":{"line":49,"column":null}},"9":{"start":{"line":52,"column":2},"end":{"line":69,"column":null}},"10":{"start":{"line":53,"column":4},"end":{"line":56,"column":null}},"11":{"start":{"line":58,"column":4},"end":{"line":61,"column":null}},"12":{"start":{"line":63,"column":4},"end":{"line":69,"column":null}}},"fnMap":{"0":{"name":"requestPasswordReset","decl":{"start":{"line":10,"column":22},"end":{"line":10,"column":null}},"loc":{"start":{"line":13,"column":37},"end":{"line":31,"column":null}},"line":13},"1":{"name":"resetPasswordWithToken","decl":{"start":{"line":34,"column":22},"end":{"line":34,"column":null}},"loc":{"start":{"line":37,"column":37},"end":{"line":69,"column":null}},"line":37}},"branchMap":{"0":{"loc":{"start":{"line":18,"column":2},"end":{"line":23,"column":null}},"type":"if","locations":[{"start":{"line":18,"column":2},"end":{"line":23,"column":null}},{"start":{},"end":{}}],"line":18},"1":{"loc":{"start":{"line":44,"column":2},"end":{"line":49,"column":null}},"type":"if","locations":[{"start":{"line":44,"column":2},"end":{"line":49,"column":null}},{"start":{},"end":{}}],"line":44},"2":{"loc":{"start":{"line":66,"column":8},"end":{"line":68,"column":null}},"type":"cond-expr","locations":[{"start":{"line":67,"column":12},"end":{"line":67,"column":null}},{"start":{"line":68,"column":12},"end":{"line":68,"column":null}}],"line":66}},"s":{"0":1,"1":2,"2":2,"3":1,"4":1,"5":1,"6":1,"7":1,"8":0,"9":1,"10":1,"11":1,"12":0},"f":{"0":2,"1":1},"b":{"0":[1,1],"1":[0,1],"2":[0,0]},"meta":{"lastBranch":3,"lastFunction":2,"lastStatement":13,"seen":{"s:1:0:1:Infinity":0,"f:10:22:10:Infinity":0,"s:14:17:16:4":1,"b:18:2:23:Infinity:undefined:undefined:undefined:undefined":0,"s:18:2:23:Infinity":2,"s:19:4:23:Infinity":3,"s:26:2:26:Infinity":4,"s:28:2:31:Infinity":5,"f:34:22:34:Infinity":1,"s:38:17:42:4":6,"b:44:2:49:Infinity:undefined:undefined:undefined:undefined":1,"s:44:2:49:Infinity":7,"s:45:4:49:Infinity":8,"s:52:2:69:Infinity":9,"s:53:4:56:Infinity":10,"s:58:4:61:Infinity":11,"s:63:4:69:Infinity":12,"b:67:12:67:Infinity:68:12:68:Infinity":2}}}
,"C:\\Users\\zadca\\OneDrive\\Documents\\GitHub\\marvels-fit-studios\\components\\dashboard\\admin-bulk-import-workspace.tsx": {"path":"C:\\Users\\zadca\\OneDrive\\Documents\\GitHub\\marvels-fit-studios\\components\\dashboard\\admin-bulk-import-workspace.tsx","statementMap":{"0":{"start":{"line":1,"column":0},"end":{"line":1,"column":null}},"1":{"start":{"line":21,"column":8},"end":{"line":21,"column":53}},"2":{"start":{"line":22,"column":21},"end":{"line":22,"column":50}},"3":{"start":{"line":23,"column":19},"end":{"line":23,"column":46}},"4":{"start":{"line":24,"column":20},"end":{"line":24,"column":63}},"5":{"start":{"line":25,"column":22},"end":{"line":25,"column":76}},"6":{"start":{"line":26,"column":17},"end":{"line":26,"column":75}},"7":{"start":{"line":27,"column":18},"end":{"line":28,"column":null}},"8":{"start":{"line":30,"column":23},"end":{"line":30,"column":64}},"9":{"start":{"line":31,"column":22},"end":{"line":31,"column":62}},"10":{"start":{"line":33,"column":8},"end":{"line":35,"column":null}},"11":{"start":{"line":34,"column":10},"end":{"line":34,"column":48}},"12":{"start":{"line":34,"column":38},"end":{"line":34,"column":48}},"13":{"start":{"line":37,"column":22},"end":{"line":37,"column":null}},"14":{"start":{"line":38,"column":17},"end":{"line":38,"column":null}},"15":{"start":{"line":40,"column":8},"end":{"line":70,"column":null}},"16":{"start":{"line":41,"column":4},"end":{"line":41,"column":null}},"17":{"start":{"line":42,"column":4},"end":{"line":42,"column":null}},"18":{"start":{"line":43,"column":4},"end":{"line":43,"column":null}},"19":{"start":{"line":45,"column":4},"end":{"line":70,"column":null}},"20":{"start":{"line":48,"column":8},"end":{"line":48,"column":null}},"21":{"start":{"line":49,"column":8},"end":{"line":64,"column":null}},"22":{"start":{"line":50,"column":10},"end":{"line":62,"column":null}},"23":{"start":{"line":51,"column":25},"end":{"line":51,"column":62}},"24":{"start":{"line":52,"column":12},"end":{"line":52,"column":null}},"25":{"start":{"line":53,"column":12},"end":{"line":57,"column":null}},"26":{"start":{"line":59,"column":12},"end":{"line":59,"column":null}},"27":{"start":{"line":60,"column":12},"end":{"line":62,"column":null}},"28":{"start":{"line":67,"column":8},"end":{"line":67,"column":null}},"29":{"start":{"line":68,"column":8},"end":{"line":68,"column":null}},"30":{"start":{"line":69,"column":8},"end":{"line":69,"column":null}},"31":{"start":{"line":73,"column":8},"end":{"line":89,"column":null}},"32":{"start":{"line":74,"column":4},"end":{"line":76,"column":null}},"33":{"start":{"line":75,"column":6},"end":{"line":75,"column":null}},"34":{"start":{"line":76,"column":6},"end":{"line":76,"column":null}},"35":{"start":{"line":79,"column":4},"end":{"line":79,"column":null}},"36":{"start":{"line":80,"column":4},"end":{"line":80,"column":null}},"37":{"start":{"line":81,"column":4},"end":{"line":89,"column":null}},"38":{"start":{"line":82,"column":6},"end":{"line":87,"column":null}},"39":{"start":{"line":83,"column":27},"end":{"line":83,"column":60}},"40":{"start":{"line":84,"column":8},"end":{"line":84,"column":null}},"41":{"start":{"line":85,"column":8},"end":{"line":85,"column":null}},"42":{"start":{"line":87,"column":8},"end":{"line":87,"column":null}},"43":{"start":{"line":92,"column":8},"end":{"line":109,"column":null}},"44":{"start":{"line":93,"column":4},"end":{"line":94,"column":null}},"45":{"start":{"line":94,"column":6},"end":{"line":94,"column":null}},"46":{"start":{"line":97,"column":17},"end":{"line":99,"column":6}},"47":{"start":{"line":100,"column":16},"end":{"line":100,"column":41}},"48":{"start":{"line":101,"column":17},"end":{"line":101,"column":44}},"49":{"start":{"line":102,"column":4},"end":{"line":102,"column":null}},"50":{"start":{"line":103,"column":4},"end":{"line":105,"column":null}},"51":{"start":{"line":106,"column":4},"end":{"line":106,"column":null}},"52":{"start":{"line":107,"column":4},"end":{"line":107,"column":null}},"53":{"start":{"line":108,"column":4},"end":{"line":108,"column":null}},"54":{"start":{"line":109,"column":4},"end":{"line":109,"column":null}},"55":{"start":{"line":112,"column":2},"end":{"line":348,"column":null}},"56":{"start":{"line":166,"column":27},"end":{"line":166,"column":56}},"57":{"start":{"line":180,"column":25},"end":{"line":180,"column":null}},"58":{"start":{"line":181,"column":12},"end":{"line":182,"column":null}},"59":{"start":{"line":182,"column":14},"end":{"line":182,"column":null}},"60":{"start":{"line":184,"column":12},"end":{"line":184,"column":null}},"61":{"start":{"line":193,"column":25},"end":{"line":193,"column":54}},"62":{"start":{"line":195,"column":12},"end":{"line":195,"column":null}},"63":{"start":{"line":196,"column":12},"end":{"line":196,"column":null}},"64":{"start":{"line":198,"column":29},"end":{"line":198,"column":49}},"65":{"start":{"line":200,"column":12},"end":{"line":200,"column":null}},"66":{"start":{"line":201,"column":12},"end":{"line":201,"column":null}},"67":{"start":{"line":202,"column":25},"end":{"line":202,"column":null}},"68":{"start":{"line":203,"column":12},"end":{"line":204,"column":null}},"69":{"start":{"line":204,"column":14},"end":{"line":204,"column":null}},"70":{"start":{"line":245,"column":18},"end":{"line":255,"column":null}},"71":{"start":{"line":308,"column":20},"end":{"line":314,"column":null}},"72":{"start":{"line":335,"column":20},"end":{"line":341,"column":null}}},"fnMap":{"0":{"name":"AdminBulkImportWorkspace","decl":{"start":{"line":20,"column":16},"end":{"line":20,"column":43}},"loc":{"start":{"line":20,"column":43},"end":{"line":348,"column":null}},"line":20},"1":{"name":"(anonymous_1)","decl":{"start":{"line":33,"column":20},"end":{"line":33,"column":null}},"loc":{"start":{"line":34,"column":10},"end":{"line":34,"column":48}},"line":34},"2":{"name":"(anonymous_2)","decl":{"start":{"line":34,"column":22},"end":{"line":34,"column":30}},"loc":{"start":{"line":34,"column":38},"end":{"line":34,"column":48}},"line":34},"3":{"name":"(anonymous_3)","decl":{"start":{"line":40,"column":8},"end":{"line":40,"column":20}},"loc":{"start":{"line":40,"column":35},"end":{"line":70,"column":null}},"line":40},"4":{"name":"(anonymous_4)","decl":{"start":{"line":47,"column":7},"end":{"line":47,"column":13}},"loc":{"start":{"line":47,"column":25},"end":{"line":65,"column":null}},"line":47},"5":{"name":"(anonymous_5)","decl":{"start":{"line":49,"column":31},"end":{"line":49,"column":43}},"loc":{"start":{"line":49,"column":43},"end":{"line":64,"column":null}},"line":49},"6":{"name":"(anonymous_6)","decl":{"start":{"line":66,"column":7},"end":{"line":66,"column":19}},"loc":{"start":{"line":66,"column":19},"end":{"line":70,"column":null}},"line":66},"7":{"name":"(anonymous_7)","decl":{"start":{"line":73,"column":8},"end":{"line":73,"column":29}},"loc":{"start":{"line":73,"column":29},"end":{"line":89,"column":null}},"line":73},"8":{"name":"(anonymous_8)","decl":{"start":{"line":81,"column":26},"end":{"line":81,"column":38}},"loc":{"start":{"line":81,"column":38},"end":{"line":89,"column":null}},"line":81},"9":{"name":"(anonymous_9)","decl":{"start":{"line":92,"column":8},"end":{"line":92,"column":36}},"loc":{"start":{"line":92,"column":36},"end":{"line":109,"column":null}},"line":92},"10":{"name":"(anonymous_10)","decl":{"start":{"line":166,"column":12},"end":{"line":166,"column":27}},"loc":{"start":{"line":166,"column":27},"end":{"line":166,"column":56}},"line":166},"11":{"name":"(anonymous_11)","decl":{"start":{"line":179,"column":10},"end":{"line":179,"column":21}},"loc":{"start":{"line":179,"column":31},"end":{"line":184,"column":null}},"line":179},"12":{"name":"(anonymous_12)","decl":{"start":{"line":193,"column":10},"end":{"line":193,"column":25}},"loc":{"start":{"line":193,"column":25},"end":{"line":193,"column":54}},"line":193},"13":{"name":"(anonymous_13)","decl":{"start":{"line":194,"column":10},"end":{"line":194,"column":23}},"loc":{"start":{"line":194,"column":33},"end":{"line":196,"column":null}},"line":194},"14":{"name":"(anonymous_14)","decl":{"start":{"line":198,"column":10},"end":{"line":198,"column":29}},"loc":{"start":{"line":198,"column":29},"end":{"line":198,"column":49}},"line":198},"15":{"name":"(anonymous_15)","decl":{"start":{"line":199,"column":10},"end":{"line":199,"column":19}},"loc":{"start":{"line":199,"column":29},"end":{"line":204,"column":null}},"line":199},"16":{"name":"(anonymous_16)","decl":{"start":{"line":244,"column":29},"end":{"line":244,"column":34}},"loc":{"start":{"line":245,"column":18},"end":{"line":255,"column":null}},"line":245},"17":{"name":"(anonymous_17)","decl":{"start":{"line":307,"column":44},"end":{"line":307,"column":49}},"loc":{"start":{"line":308,"column":20},"end":{"line":314,"column":null}},"line":308},"18":{"name":"(anonymous_18)","decl":{"start":{"line":334,"column":40},"end":{"line":334,"column":45}},"loc":{"start":{"line":335,"column":20},"end":{"line":341,"column":null}},"line":335}},"branchMap":{"0":{"loc":{"start":{"line":38,"column":17},"end":{"line":38,"column":null}},"type":"binary-expr","locations":[{"start":{"line":38,"column":17},"end":{"line":38,"column":33}},{"start":{"line":38,"column":33},"end":{"line":38,"column":null}}],"line":38},"1":{"loc":{"start":{"line":54,"column":14},"end":{"line":56,"column":null}},"type":"cond-expr","locations":[{"start":{"line":55,"column":18},"end":{"line":55,"column":null}},{"start":{"line":56,"column":18},"end":{"line":56,"column":null}}],"line":54},"2":{"loc":{"start":{"line":61,"column":14},"end":{"line":61,"column":null}},"type":"cond-expr","locations":[{"start":{"line":61,"column":39},"end":{"line":61,"column":55}},{"start":{"line":61,"column":55},"end":{"line":61,"column":null}}],"line":61},"3":{"loc":{"start":{"line":74,"column":4},"end":{"line":76,"column":null}},"type":"if","locations":[{"start":{"line":74,"column":4},"end":{"line":76,"column":null}},{"start":{},"end":{}}],"line":74},"4":{"loc":{"start":{"line":74,"column":8},"end":{"line":74,"column":47}},"type":"binary-expr","locations":[{"start":{"line":74,"column":8},"end":{"line":74,"column":23}},{"start":{"line":74,"column":23},"end":{"line":74,"column":47}}],"line":74},"5":{"loc":{"start":{"line":87,"column":19},"end":{"line":87,"column":77}},"type":"cond-expr","locations":[{"start":{"line":87,"column":44},"end":{"line":87,"column":60}},{"start":{"line":87,"column":60},"end":{"line":87,"column":77}}],"line":87},"6":{"loc":{"start":{"line":93,"column":4},"end":{"line":94,"column":null}},"type":"if","locations":[{"start":{"line":93,"column":4},"end":{"line":94,"column":null}},{"start":{},"end":{}}],"line":93},"7":{"loc":{"start":{"line":121,"column":22},"end":{"line":121,"column":null}},"type":"binary-expr","locations":[{"start":{"line":121,"column":22},"end":{"line":121,"column":32}},{"start":{"line":121,"column":32},"end":{"line":121,"column":null}}],"line":121},"8":{"loc":{"start":{"line":124,"column":13},"end":{"line":124,"column":null}},"type":"cond-expr","locations":[{"start":{"line":124,"column":27},"end":{"line":124,"column":44}},{"start":{"line":124,"column":44},"end":{"line":124,"column":null}}],"line":124},"9":{"loc":{"start":{"line":131,"column":16},"end":{"line":131,"column":null}},"type":"cond-expr","locations":[{"start":{"line":131,"column":41},"end":{"line":131,"column":52}},{"start":{"line":131,"column":52},"end":{"line":131,"column":null}}],"line":131},"10":{"loc":{"start":{"line":134,"column":23},"end":{"line":134,"column":null}},"type":"binary-expr","locations":[{"start":{"line":134,"column":23},"end":{"line":134,"column":35}},{"start":{"line":134,"column":35},"end":{"line":134,"column":null}}],"line":134},"11":{"loc":{"start":{"line":137,"column":16},"end":{"line":137,"column":null}},"type":"cond-expr","locations":[{"start":{"line":137,"column":39},"end":{"line":137,"column":51}},{"start":{"line":137,"column":51},"end":{"line":137,"column":null}}],"line":137},"12":{"loc":{"start":{"line":143,"column":16},"end":{"line":143,"column":null}},"type":"cond-expr","locations":[{"start":{"line":143,"column":34},"end":{"line":143,"column":46}},{"start":{"line":143,"column":46},"end":{"line":143,"column":null}}],"line":143},"13":{"loc":{"start":{"line":149,"column":16},"end":{"line":149,"column":null}},"type":"cond-expr","locations":[{"start":{"line":149,"column":25},"end":{"line":149,"column":37}},{"start":{"line":149,"column":37},"end":{"line":149,"column":null}}],"line":149},"14":{"loc":{"start":{"line":151,"column":17},"end":{"line":151,"column":null}},"type":"cond-expr","locations":[{"start":{"line":151,"column":26},"end":{"line":151,"column":53}},{"start":{"line":151,"column":53},"end":{"line":151,"column":null}}],"line":151},"15":{"loc":{"start":{"line":181,"column":12},"end":{"line":182,"column":null}},"type":"if","locations":[{"start":{"line":181,"column":12},"end":{"line":182,"column":null}},{"start":{},"end":{}}],"line":181},"16":{"loc":{"start":{"line":191,"column":12},"end":{"line":191,"column":null}},"type":"cond-expr","locations":[{"start":{"line":191,"column":35},"end":{"line":191,"column":71}},{"start":{"line":191,"column":71},"end":{"line":191,"column":null}}],"line":191},"17":{"loc":{"start":{"line":203,"column":12},"end":{"line":204,"column":null}},"type":"if","locations":[{"start":{"line":203,"column":12},"end":{"line":204,"column":null}},{"start":{},"end":{}}],"line":203},"18":{"loc":{"start":{"line":214,"column":9},"end":{"line":219,"column":null}},"type":"cond-expr","locations":[{"start":{"line":215,"column":10},"end":{"line":219,"column":null}},{"start":{"line":219,"column":12},"end":{"line":219,"column":null}}],"line":214},"19":{"loc":{"start":{"line":216,"column":21},"end":{"line":216,"column":81}},"type":"cond-expr","locations":[{"start":{"line":216,"column":35},"end":{"line":216,"column":58}},{"start":{"line":216,"column":58},"end":{"line":216,"column":81}}],"line":216},"20":{"loc":{"start":{"line":231,"column":9},"end":{"line":264,"column":null}},"type":"cond-expr","locations":[{"start":{"line":232,"column":10},"end":{"line":261,"column":11}},{"start":{"line":261,"column":10},"end":{"line":264,"column":null}}],"line":231},"21":{"loc":{"start":{"line":249,"column":33},"end":{"line":249,"column":73}},"type":"binary-expr","locations":[{"start":{"line":249,"column":33},"end":{"line":249,"column":49}},{"start":{"line":249,"column":49},"end":{"line":249,"column":73}}],"line":249},"22":{"loc":{"start":{"line":252,"column":25},"end":{"line":252,"column":58}},"type":"binary-expr","locations":[{"start":{"line":252,"column":25},"end":{"line":252,"column":42}},{"start":{"line":252,"column":42},"end":{"line":252,"column":58}}],"line":252},"23":{"loc":{"start":{"line":253,"column":25},"end":{"line":253,"column":59}},"type":"binary-expr","locations":[{"start":{"line":253,"column":25},"end":{"line":253,"column":38}},{"start":{"line":253,"column":38},"end":{"line":253,"column":59}}],"line":253},"24":{"loc":{"start":{"line":254,"column":25},"end":{"line":254,"column":63}},"type":"cond-expr","locations":[{"start":{"line":254,"column":37},"end":{"line":254,"column":47}},{"start":{"line":254,"column":47},"end":{"line":254,"column":63}}],"line":254},"25":{"loc":{"start":{"line":268,"column":7},"end":{"line":348,"column":null}},"type":"cond-expr","locations":[{"start":{"line":269,"column":8},"end":{"line":348,"column":null}},{"start":{"line":348,"column":10},"end":{"line":348,"column":null}}],"line":268},"26":{"loc":{"start":{"line":294,"column":11},"end":{"line":319,"column":null}},"type":"cond-expr","locations":[{"start":{"line":295,"column":12},"end":{"line":319,"column":null}},{"start":{"line":319,"column":14},"end":{"line":319,"column":null}}],"line":294},"27":{"loc":{"start":{"line":310,"column":27},"end":{"line":310,"column":63}},"type":"binary-expr","locations":[{"start":{"line":310,"column":27},"end":{"line":310,"column":47}},{"start":{"line":310,"column":47},"end":{"line":310,"column":63}}],"line":310},"28":{"loc":{"start":{"line":321,"column":11},"end":{"line":346,"column":null}},"type":"cond-expr","locations":[{"start":{"line":322,"column":12},"end":{"line":346,"column":null}},{"start":{"line":346,"column":14},"end":{"line":346,"column":null}}],"line":321},"29":{"loc":{"start":{"line":338,"column":27},"end":{"line":338,"column":63}},"type":"binary-expr","locations":[{"start":{"line":338,"column":27},"end":{"line":338,"column":47}},{"start":{"line":338,"column":47},"end":{"line":338,"column":63}}],"line":338}},"s":{"0":1,"1":1,"2":1,"3":1,"4":1,"5":1,"6":1,"7":1,"8":1,"9":1,"10":1,"11":1,"12":0,"13":1,"14":1,"15":1,"16":0,"17":0,"18":0,"19":0,"20":0,"21":0,"22":0,"23":0,"24":0,"25":0,"26":0,"27":0,"28":0,"29":0,"30":0,"31":1,"32":0,"33":0,"34":0,"35":0,"36":0,"37":0,"38":0,"39":0,"40":0,"41":0,"42":0,"43":1,"44":0,"45":0,"46":0,"47":0,"48":0,"49":0,"50":0,"51":0,"52":0,"53":0,"54":0,"55":1,"56":0,"57":0,"58":0,"59":0,"60":0,"61":0,"62":0,"63":0,"64":0,"65":0,"66":0,"67":0,"68":0,"69":0,"70":0,"71":0,"72":0},"f":{"0":1,"1":1,"2":0,"3":0,"4":0,"5":0,"6":0,"7":0,"8":0,"9":0,"10":0,"11":0,"12":0,"13":0,"14":0,"15":0,"16":0,"17":0,"18":0},"b":{"0":[1,1],"1":[0,0],"2":[0,0],"3":[0,0],"4":[0,0],"5":[0,0],"6":[0,0],"7":[1,1],"8":[0,1],"9":[0,1],"10":[1,1],"11":[0,1],"12":[0,1],"13":[0,1],"14":[0,1],"15":[0,0],"16":[0,1],"17":[0,0],"18":[0,1],"19":[0,0],"20":[0,1],"21":[0,0],"22":[0,0],"23":[0,0],"24":[0,0],"25":[0,1],"26":[0,0],"27":[0,0],"28":[0,0],"29":[0,0]},"meta":{"lastBranch":30,"lastFunction":19,"lastStatement":73,"seen":{"s:1:0:1:Infinity":0,"f:20:16:20:43":0,"s:21:8:21:53":1,"s:22:21:22:50":2,"s:23:19:23:46":3,"s:24:20:24:63":4,"s:25:22:25:76":5,"s:26:17:26:75":6,"s:27:18:28:Infinity":7,"s:30:23:30:64":8,"s:31:22:31:62":9,"s:33:8:35:Infinity":10,"f:33:20:33:Infinity":1,"s:34:10:34:48":11,"f:34:22:34:30":2,"s:34:38:34:48":12,"s:37:22:37:Infinity":13,"s:38:17:38:Infinity":14,"b:38:17:38:33:38:33:38:Infinity":0,"s:40:8:70:Infinity":15,"f:40:8:40:20":3,"s:41:4:41:Infinity":16,"s:42:4:42:Infinity":17,"s:43:4:43:Infinity":18,"s:45:4:70:Infinity":19,"f:47:7:47:13":4,"s:48:8:48:Infinity":20,"s:49:8:64:Infinity":21,"f:49:31:49:43":5,"s:50:10:62:Infinity":22,"s:51:25:51:62":23,"s:52:12:52:Infinity":24,"s:53:12:57:Infinity":25,"b:55:18:55:Infinity:56:18:56:Infinity":1,"s:59:12:59:Infinity":26,"s:60:12:62:Infinity":27,"b:61:39:61:55:61:55:61:Infinity":2,"f:66:7:66:19":6,"s:67:8:67:Infinity":28,"s:68:8:68:Infinity":29,"s:69:8:69:Infinity":30,"s:73:8:89:Infinity":31,"f:73:8:73:29":7,"b:74:4:76:Infinity:undefined:undefined:undefined:undefined":3,"s:74:4:76:Infinity":32,"b:74:8:74:23:74:23:74:47":4,"s:75:6:75:Infinity":33,"s:76:6:76:Infinity":34,"s:79:4:79:Infinity":35,"s:80:4:80:Infinity":36,"s:81:4:89:Infinity":37,"f:81:26:81:38":8,"s:82:6:87:Infinity":38,"s:83:27:83:60":39,"s:84:8:84:Infinity":40,"s:85:8:85:Infinity":41,"s:87:8:87:Infinity":42,"b:87:44:87:60:87:60:87:77":5,"s:92:8:109:Infinity":43,"f:92:8:92:36":9,"b:93:4:94:Infinity:undefined:undefined:undefined:undefined":6,"s:93:4:94:Infinity":44,"s:94:6:94:Infinity":45,"s:97:17:99:6":46,"s:100:16:100:41":47,"s:101:17:101:44":48,"s:102:4:102:Infinity":49,"s:103:4:105:Infinity":50,"s:106:4:106:Infinity":51,"s:107:4:107:Infinity":52,"s:108:4:108:Infinity":53,"s:109:4:109:Infinity":54,"s:112:2:348:Infinity":55,"b:121:22:121:32:121:32:121:Infinity":7,"b:124:27:124:44:124:44:124:Infinity":8,"b:131:41:131:52:131:52:131:Infinity":9,"b:134:23:134:35:134:35:134:Infinity":10,"b:137:39:137:51:137:51:137:Infinity":11,"b:143:34:143:46:143:46:143:Infinity":12,"b:149:25:149:37:149:37:149:Infinity":13,"b:151:26:151:53:151:53:151:Infinity":14,"f:166:12:166:27":10,"s:166:27:166:56":56,"f:179:10:179:21":11,"s:180:25:180:Infinity":57,"b:181:12:182:Infinity:undefined:undefined:undefined:undefined":15,"s:181:12:182:Infinity":58,"s:182:14:182:Infinity":59,"s:184:12:184:Infinity":60,"b:191:35:191:71:191:71:191:Infinity":16,"f:193:10:193:25":12,"s:193:25:193:54":61,"f:194:10:194:23":13,"s:195:12:195:Infinity":62,"s:196:12:196:Infinity":63,"f:198:10:198:29":14,"s:198:29:198:49":64,"f:199:10:199:19":15,"s:200:12:200:Infinity":65,"s:201:12:201:Infinity":66,"s:202:25:202:Infinity":67,"b:203:12:204:Infinity:undefined:undefined:undefined:undefined":17,"s:203:12:204:Infinity":68,"s:204:14:204:Infinity":69,"b:215:10:219:Infinity:219:12:219:Infinity":18,"b:216:35:216:58:216:58:216:81":19,"b:232:10:261:11:261:10:264:Infinity":20,"f:244:29:244:34":16,"s:245:18:255:Infinity":70,"b:249:33:249:49:249:49:249:73":21,"b:252:25:252:42:252:42:252:58":22,"b:253:25:253:38:253:38:253:59":23,"b:254:37:254:47:254:47:254:63":24,"b:269:8:348:Infinity:348:10:348:Infinity":25,"b:295:12:319:Infinity:319:14:319:Infinity":26,"f:307:44:307:49":17,"s:308:20:314:Infinity":71,"b:310:27:310:47:310:47:310:63":27,"b:322:12:346:Infinity:346:14:346:Infinity":28,"f:334:40:334:45":18,"s:335:20:341:Infinity":72,"b:338:27:338:47:338:47:338:63":29}}}
,"C:\\Users\\zadca\\OneDrive\\Documents\\GitHub\\marvels-fit-studios\\components\\dashboard\\dashboard-empty-state.tsx": {"path":"C:\\Users\\zadca\\OneDrive\\Documents\\GitHub\\marvels-fit-studios\\components\\dashboard\\dashboard-empty-state.tsx","statementMap":{"0":{"start":{"line":14,"column":2},"end":{"line":14,"column":null}}},"fnMap":{"0":{"name":"DashboardEmptyState","decl":{"start":{"line":9,"column":16},"end":{"line":9,"column":36}},"loc":{"start":{"line":13,"column":29},"end":{"line":14,"column":null}},"line":13}},"branchMap":{},"s":{"0":1},"f":{"0":1},"b":{},"meta":{"lastBranch":0,"lastFunction":1,"lastStatement":1,"seen":{"f:9:16:9:36":0,"s:14:2:14:Infinity":0}}}
,"C:\\Users\\zadca\\OneDrive\\Documents\\GitHub\\marvels-fit-studios\\components\\dashboard\\dashboard-mini-stat.tsx": {"path":"C:\\Users\\zadca\\OneDrive\\Documents\\GitHub\\marvels-fit-studios\\components\\dashboard\\dashboard-mini-stat.tsx","statementMap":{"0":{"start":{"line":18,"column":2},"end":{"line":28,"column":null}}},"fnMap":{"0":{"name":"DashboardMiniStat","decl":{"start":{"line":11,"column":16},"end":{"line":11,"column":34}},"loc":{"start":{"line":17,"column":27},"end":{"line":28,"column":null}},"line":17}},"branchMap":{"0":{"loc":{"start":{"line":15,"column":2},"end":{"line":15,"column":null}},"type":"default-arg","locations":[{"start":{"line":15,"column":9},"end":{"line":15,"column":null}}],"line":15},"1":{"loc":{"start":{"line":22,"column":8},"end":{"line":22,"column":null}},"type":"binary-expr","locations":[{"start":{"line":22,"column":8},"end":{"line":22,"column":30}},{"start":{"line":22,"column":30},"end":{"line":22,"column":null}}],"line":22}},"s":{"0":4},"f":{"0":4},"b":{"0":[4],"1":[4,1]},"meta":{"lastBranch":2,"lastFunction":1,"lastStatement":1,"seen":{"f:11:16:11:34":0,"b:15:9:15:Infinity":0,"s:18:2:28:Infinity":0,"b:22:8:22:30:22:30:22:Infinity":1}}}
,"C:\\Users\\zadca\\OneDrive\\Documents\\GitHub\\marvels-fit-studios\\components\\dashboard\\dashboard-page-header.tsx": {"path":"C:\\Users\\zadca\\OneDrive\\Documents\\GitHub\\marvels-fit-studios\\components\\dashboard\\dashboard-page-header.tsx","statementMap":{"0":{"start":{"line":12,"column":2},"end":{"line":13,"column":null}},"1":{"start":{"line":13,"column":4},"end":{"line":13,"column":null}},"2":{"start":{"line":16,"column":2},"end":{"line":16,"column":null}}},"fnMap":{"0":{"name":"DashboardPageHeader","decl":{"start":{"line":8,"column":16},"end":{"line":8,"column":36}},"loc":{"start":{"line":11,"column":29},"end":{"line":16,"column":null}},"line":11}},"branchMap":{"0":{"loc":{"start":{"line":12,"column":2},"end":{"line":13,"column":null}},"type":"if","locations":[{"start":{"line":12,"column":2},"end":{"line":13,"column":null}},{"start":{},"end":{}}],"line":12},"1":{"loc":{"start":{"line":12,"column":6},"end":{"line":12,"column":28}},"type":"binary-expr","locations":[{"start":{"line":12,"column":6},"end":{"line":12,"column":18}},{"start":{"line":12,"column":18},"end":{"line":12,"column":28}}],"line":12}},"s":{"0":1,"1":0,"2":1},"f":{"0":1},"b":{"0":[0,1],"1":[1,0]},"meta":{"lastBranch":2,"lastFunction":1,"lastStatement":3,"seen":{"f:8:16:8:36":0,"b:12:2:13:Infinity:undefined:undefined:undefined:undefined":0,"s:12:2:13:Infinity":0,"b:12:6:12:18:12:18:12:28":1,"s:13:4:13:Infinity":1,"s:16:2:16:Infinity":2}}}
,"C:\\Users\\zadca\\OneDrive\\Documents\\GitHub\\marvels-fit-studios\\components\\ui\\card.tsx": {"path":"C:\\Users\\zadca\\OneDrive\\Documents\\GitHub\\marvels-fit-studios\\components\\ui\\card.tsx","statementMap":{"0":{"start":{"line":9,"column":2},"end":{"line":16,"column":null}},"1":{"start":{"line":24,"column":2},"end":{"line":24,"column":null}},"2":{"start":{"line":31,"column":2},"end":{"line":38,"column":null}},"3":{"start":{"line":46,"column":2},"end":{"line":50,"column":null}},"4":{"start":{"line":58,"column":2},"end":{"line":58,"column":null}},"5":{"start":{"line":65,"column":2},"end":{"line":69,"column":null}}},"fnMap":{"0":{"name":"Card","decl":{"start":{"line":5,"column":16},"end":{"line":5,"column":21}},"loc":{"start":{"line":8,"column":41},"end":{"line":16,"column":null}},"line":8},"1":{"name":"CardHeader","decl":{"start":{"line":20,"column":16},"end":{"line":20,"column":27}},"loc":{"start":{"line":23,"column":41},"end":{"line":24,"column":null}},"line":23},"2":{"name":"CardTitle","decl":{"start":{"line":27,"column":16},"end":{"line":27,"column":26}},"loc":{"start":{"line":30,"column":45},"end":{"line":38,"column":null}},"line":30},"3":{"name":"CardDescription","decl":{"start":{"line":42,"column":16},"end":{"line":42,"column":32}},"loc":{"start":{"line":45,"column":47},"end":{"line":50,"column":null}},"line":45},"4":{"name":"CardContent","decl":{"start":{"line":54,"column":16},"end":{"line":54,"column":28}},"loc":{"start":{"line":57,"column":41},"end":{"line":58,"column":null}},"line":57},"5":{"name":"CardFooter","decl":{"start":{"line":61,"column":16},"end":{"line":61,"column":27}},"loc":{"start":{"line":64,"column":41},"end":{"line":69,"column":null}},"line":64}},"branchMap":{},"s":{"0":1,"1":0,"2":0,"3":0,"4":1,"5":0},"f":{"0":1,"1":0,"2":0,"3":0,"4":1,"5":0},"b":{},"meta":{"lastBranch":0,"lastFunction":6,"lastStatement":6,"seen":{"f:5:16:5:21":0,"s:9:2:16:Infinity":0,"f:20:16:20:27":1,"s:24:2:24:Infinity":1,"f:27:16:27:26":2,"s:31:2:38:Infinity":2,"f:42:16:42:32":3,"s:46:2:50:Infinity":3,"f:54:16:54:28":4,"s:58:2:58:Infinity":4,"f:61:16:61:27":5,"s:65:2:69:Infinity":5}}}
,"C:\\Users\\zadca\\OneDrive\\Documents\\GitHub\\marvels-fit-studios\\components\\ui\\empty-state.tsx": {"path":"C:\\Users\\zadca\\OneDrive\\Documents\\GitHub\\marvels-fit-studios\\components\\ui\\empty-state.tsx","statementMap":{"0":{"start":{"line":22,"column":2},"end":{"line":45,"column":null}}},"fnMap":{"0":{"name":"EmptyState","decl":{"start":{"line":15,"column":16},"end":{"line":15,"column":27}},"loc":{"start":{"line":21,"column":20},"end":{"line":45,"column":null}},"line":21}},"branchMap":{"0":{"loc":{"start":{"line":19,"column":8},"end":{"line":19,"column":null}},"type":"default-arg","locations":[{"start":{"line":19,"column":15},"end":{"line":19,"column":null}}],"line":19},"1":{"loc":{"start":{"line":43,"column":9},"end":{"line":43,"column":null}},"type":"cond-expr","locations":[{"start":{"line":43,"column":18},"end":{"line":43,"column":null}},{"start":{"line":43,"column":40},"end":{"line":43,"column":null}}],"line":43}},"s":{"0":1},"f":{"0":1},"b":{"0":[1],"1":[0,1]},"meta":{"lastBranch":2,"lastFunction":1,"lastStatement":1,"seen":{"f:15:16:15:27":0,"b:19:15:19:Infinity":0,"s:22:2:45:Infinity":0,"b:43:18:43:Infinity:43:40:43:Infinity":1}}}
,"C:\\Users\\zadca\\OneDrive\\Documents\\GitHub\\marvels-fit-studios\\components\\ui\\page-header.tsx": {"path":"C:\\Users\\zadca\\OneDrive\\Documents\\GitHub\\marvels-fit-studios\\components\\ui\\page-header.tsx","statementMap":{"0":{"start":{"line":18,"column":2},"end":{"line":19,"column":null}},"1":{"start":{"line":19,"column":4},"end":{"line":19,"column":null}},"2":{"start":{"line":22,"column":2},"end":{"line":53,"column":null}}},"fnMap":{"0":{"name":"PageHeader","decl":{"start":{"line":11,"column":16},"end":{"line":11,"column":27}},"loc":{"start":{"line":17,"column":20},"end":{"line":53,"column":null}},"line":17}},"branchMap":{"0":{"loc":{"start":{"line":18,"column":2},"end":{"line":19,"column":null}},"type":"if","locations":[{"start":{"line":18,"column":2},"end":{"line":19,"column":null}},{"start":{},"end":{}}],"line":18},"1":{"loc":{"start":{"line":18,"column":6},"end":{"line":18,"column":54}},"type":"binary-expr","locations":[{"start":{"line":18,"column":6},"end":{"line":18,"column":18}},{"start":{"line":18,"column":18},"end":{"line":18,"column":28}},{"start":{"line":18,"column":28},"end":{"line":18,"column":44}},{"start":{"line":18,"column":44},"end":{"line":18,"column":54}}],"line":18},"2":{"loc":{"start":{"line":30,"column":9},"end":{"line":34,"column":null}},"type":"cond-expr","locations":[{"start":{"line":31,"column":10},"end":{"line":34,"column":null}},{"start":{"line":34,"column":12},"end":{"line":34,"column":null}}],"line":30},"3":{"loc":{"start":{"line":36,"column":9},"end":{"line":40,"column":null}},"type":"cond-expr","locations":[{"start":{"line":37,"column":10},"end":{"line":40,"column":null}},{"start":{"line":40,"column":12},"end":{"line":40,"column":null}}],"line":36},"4":{"loc":{"start":{"line":42,"column":9},"end":{"line":46,"column":null}},"type":"cond-expr","locations":[{"start":{"line":43,"column":10},"end":{"line":46,"column":null}},{"start":{"line":46,"column":12},"end":{"line":46,"column":null}}],"line":42},"5":{"loc":{"start":{"line":49,"column":7},"end":{"line":53,"column":null}},"type":"cond-expr","locations":[{"start":{"line":50,"column":8},"end":{"line":53,"column":null}},{"start":{"line":53,"column":10},"end":{"line":53,"column":null}}],"line":49}},"s":{"0":1,"1":0,"2":1},"f":{"0":1},"b":{"0":[0,1],"1":[1,0,0,0],"2":[1,0],"3":[0,1],"4":[0,1],"5":[1,0]},"meta":{"lastBranch":6,"lastFunction":1,"lastStatement":3,"seen":{"f:11:16:11:27":0,"b:18:2:19:Infinity:undefined:undefined:undefined:undefined":0,"s:18:2:19:Infinity":0,"b:18:6:18:18:18:18:18:28:18:28:18:44:18:44:18:54":1,"s:19:4:19:Infinity":1,"s:22:2:53:Infinity":2,"b:31:10:34:Infinity:34:12:34:Infinity":2,"b:37:10:40:Infinity:40:12:40:Infinity":3,"b:43:10:46:Infinity:46:12:46:Infinity":4,"b:50:8:53:Infinity:53:10:53:Infinity":5}}}
,"C:\\Users\\zadca\\OneDrive\\Documents\\GitHub\\marvels-fit-studios\\lib\\prisma.ts": {"path":"C:\\Users\\zadca\\OneDrive\\Documents\\GitHub\\marvels-fit-studios\\lib\\prisma.ts","statementMap":{"0":{"start":{"line":5,"column":24},"end":{"line":5,"column":null}},"1":{"start":{"line":12,"column":27},"end":{"line":12,"column":null}},"2":{"start":{"line":14,"column":2},"end":{"line":15,"column":null}},"3":{"start":{"line":15,"column":4},"end":{"line":15,"column":null}},"4":{"start":{"line":18,"column":2},"end":{"line":18,"column":null}},"5":{"start":{"line":22,"column":2},"end":{"line":25,"column":null}},"6":{"start":{"line":23,"column":4},"end":{"line":25,"column":null}},"7":{"start":{"line":28,"column":2},"end":{"line":29,"column":null}},"8":{"start":{"line":29,"column":4},"end":{"line":29,"column":null}},"9":{"start":{"line":32,"column":2},"end":{"line":32,"column":null}},"10":{"start":{"line":36,"column":2},"end":{"line":37,"column":null}},"11":{"start":{"line":37,"column":4},"end":{"line":37,"column":null}},"12":{"start":{"line":40,"column":2},"end":{"line":40,"column":null}}},"fnMap":{"0":{"name":"getConnectionString","decl":{"start":{"line":11,"column":9},"end":{"line":11,"column":31}},"loc":{"start":{"line":11,"column":31},"end":{"line":18,"column":null}},"line":11},"1":{"name":"getPrismaAdapter","decl":{"start":{"line":21,"column":9},"end":{"line":21,"column":28}},"loc":{"start":{"line":21,"column":28},"end":{"line":32,"column":null}},"line":21},"2":{"name":"getPrisma","decl":{"start":{"line":35,"column":16},"end":{"line":35,"column":28}},"loc":{"start":{"line":35,"column":28},"end":{"line":40,"column":null}},"line":35}},"branchMap":{"0":{"loc":{"start":{"line":14,"column":2},"end":{"line":15,"column":null}},"type":"if","locations":[{"start":{"line":14,"column":2},"end":{"line":15,"column":null}},{"start":{},"end":{}}],"line":14},"1":{"loc":{"start":{"line":22,"column":2},"end":{"line":25,"column":null}},"type":"if","locations":[{"start":{"line":22,"column":2},"end":{"line":25,"column":null}},{"start":{},"end":{}}],"line":22},"2":{"loc":{"start":{"line":28,"column":2},"end":{"line":29,"column":null}},"type":"if","locations":[{"start":{"line":28,"column":2},"end":{"line":29,"column":null}},{"start":{},"end":{}}],"line":28},"3":{"loc":{"start":{"line":36,"column":2},"end":{"line":37,"column":null}},"type":"if","locations":[{"start":{"line":36,"column":2},"end":{"line":37,"column":null}},{"start":{},"end":{}}],"line":36}},"s":{"0":3,"1":0,"2":0,"3":0,"4":0,"5":0,"6":0,"7":0,"8":0,"9":0,"10":0,"11":0,"12":0},"f":{"0":0,"1":0,"2":0},"b":{"0":[0,0],"1":[0,0],"2":[0,0],"3":[0,0]},"meta":{"lastBranch":4,"lastFunction":3,"lastStatement":13,"seen":{"s:5:24:5:Infinity":0,"f:11:9:11:31":0,"s:12:27:12:Infinity":1,"b:14:2:15:Infinity:undefined:undefined:undefined:undefined":0,"s:14:2:15:Infinity":2,"s:15:4:15:Infinity":3,"s:18:2:18:Infinity":4,"f:21:9:21:28":1,"b:22:2:25:Infinity:undefined:undefined:undefined:undefined":1,"s:22:2:25:Infinity":5,"s:23:4:25:Infinity":6,"b:28:2:29:Infinity:undefined:undefined:undefined:undefined":2,"s:28:2:29:Infinity":7,"s:29:4:29:Infinity":8,"s:32:2:32:Infinity":9,"f:35:16:35:28":2,"b:36:2:37:Infinity:undefined:undefined:undefined:undefined":3,"s:36:2:37:Infinity":10,"s:37:4:37:Infinity":11,"s:40:2:40:Infinity":12}}}
,"C:\\Users\\zadca\\OneDrive\\Documents\\GitHub\\marvels-fit-studios\\lib\\utils.ts": {"path":"C:\\Users\\zadca\\OneDrive\\Documents\\GitHub\\marvels-fit-studios\\lib\\utils.ts","statementMap":{"0":{"start":{"line":5,"column":2},"end":{"line":5,"column":null}}},"fnMap":{"0":{"name":"cn","decl":{"start":{"line":4,"column":16},"end":{"line":4,"column":19}},"loc":{"start":{"line":4,"column":44},"end":{"line":5,"column":null}},"line":4}},"branchMap":{},"s":{"0":8},"f":{"0":8},"b":{},"meta":{"lastBranch":0,"lastFunction":1,"lastStatement":1,"seen":{"f:4:16:4:19":0,"s:5:2:5:Infinity":0}}}
,"C:\\Users\\zadca\\OneDrive\\Documents\\GitHub\\marvels-fit-studios\\lib\\auth\\authorization-policy.ts": {"path":"C:\\Users\\zadca\\OneDrive\\Documents\\GitHub\\marvels-fit-studios\\lib\\auth\\authorization-policy.ts","statementMap":{"0":{"start":{"line":13,"column":74},"end":{"line":32,"column":null}},"1":{"start":{"line":37,"column":5},"end":{"line":60,"column":null}},"2":{"start":{"line":39,"column":27},"end":{"line":39,"column":59}},"3":{"start":{"line":48,"column":27},"end":{"line":48,"column":null}},"4":{"start":{"line":56,"column":68},"end":{"line":59,"column":null}},"5":{"start":{"line":57,"column":35},"end":{"line":57,"column":94}},"6":{"start":{"line":63,"column":2},"end":{"line":69,"column":null}},"7":{"start":{"line":64,"column":34},"end":{"line":64,"column":57}},"8":{"start":{"line":74,"column":2},"end":{"line":74,"column":null}},"9":{"start":{"line":78,"column":2},"end":{"line":78,"column":null}},"10":{"start":{"line":84,"column":2},"end":{"line":90,"column":null}},"11":{"start":{"line":86,"column":6},"end":{"line":86,"column":null}},"12":{"start":{"line":88,"column":6},"end":{"line":88,"column":null}},"13":{"start":{"line":90,"column":6},"end":{"line":90,"column":null}},"14":{"start":{"line":95,"column":2},"end":{"line":95,"column":null}},"15":{"start":{"line":102,"column":17},"end":{"line":102,"column":49}},"16":{"start":{"line":104,"column":2},"end":{"line":105,"column":null}},"17":{"start":{"line":105,"column":4},"end":{"line":105,"column":null}},"18":{"start":{"line":108,"column":2},"end":{"line":109,"column":null}},"19":{"start":{"line":109,"column":4},"end":{"line":109,"column":null}},"20":{"start":{"line":112,"column":2},"end":{"line":112,"column":null}}},"fnMap":{"0":{"name":"(anonymous_0)","decl":{"start":{"line":39,"column":4},"end":{"line":39,"column":14}},"loc":{"start":{"line":39,"column":27},"end":{"line":39,"column":59}},"line":39},"1":{"name":"(anonymous_1)","decl":{"start":{"line":48,"column":4},"end":{"line":48,"column":14}},"loc":{"start":{"line":48,"column":27},"end":{"line":48,"column":null}},"line":48},"2":{"name":"(anonymous_2)","decl":{"start":{"line":56,"column":43},"end":{"line":56,"column":48}},"loc":{"start":{"line":56,"column":68},"end":{"line":59,"column":null}},"line":56},"3":{"name":"(anonymous_3)","decl":{"start":{"line":57,"column":4},"end":{"line":57,"column":14}},"loc":{"start":{"line":57,"column":35},"end":{"line":57,"column":94}},"line":57},"4":{"name":"getAuthorizationPolicy","decl":{"start":{"line":62,"column":16},"end":{"line":62,"column":39}},"loc":{"start":{"line":62,"column":78},"end":{"line":69,"column":null}},"line":62},"5":{"name":"(anonymous_5)","decl":{"start":{"line":64,"column":18},"end":{"line":64,"column":24}},"loc":{"start":{"line":64,"column":34},"end":{"line":64,"column":57}},"line":64},"6":{"name":"getDashboardPolicy","decl":{"start":{"line":73,"column":16},"end":{"line":73,"column":35}},"loc":{"start":{"line":73,"column":77},"end":{"line":74,"column":null}},"line":73},"7":{"name":"getDashboardHomeForRole","decl":{"start":{"line":77,"column":16},"end":{"line":77,"column":40}},"loc":{"start":{"line":77,"column":69},"end":{"line":78,"column":null}},"line":77},"8":{"name":"getDashboardRoleForUserRole","decl":{"start":{"line":81,"column":16},"end":{"line":81,"column":null}},"loc":{"start":{"line":83,"column":17},"end":{"line":90,"column":null}},"line":83},"9":{"name":"getDashboardHomeForUserRole","decl":{"start":{"line":94,"column":16},"end":{"line":94,"column":44}},"loc":{"start":{"line":94,"column":72},"end":{"line":95,"column":null}},"line":94},"10":{"name":"isAuthorizedForArea","decl":{"start":{"line":98,"column":16},"end":{"line":98,"column":null}},"loc":{"start":{"line":101,"column":11},"end":{"line":112,"column":null}},"line":101}},"branchMap":{"0":{"loc":{"start":{"line":57,"column":35},"end":{"line":57,"column":94}},"type":"binary-expr","locations":[{"start":{"line":57,"column":35},"end":{"line":57,"column":62}},{"start":{"line":57,"column":62},"end":{"line":57,"column":94}}],"line":57},"1":{"loc":{"start":{"line":64,"column":4},"end":{"line":69,"column":null}},"type":"binary-expr","locations":[{"start":{"line":64,"column":4},"end":{"line":64,"column":70}},{"start":{"line":64,"column":70},"end":{"line":69,"column":null}}],"line":64},"2":{"loc":{"start":{"line":78,"column":9},"end":{"line":78,"column":null}},"type":"binary-expr","locations":[{"start":{"line":78,"column":9},"end":{"line":78,"column":54}},{"start":{"line":78,"column":54},"end":{"line":78,"column":null}}],"line":78},"3":{"loc":{"start":{"line":84,"column":2},"end":{"line":90,"column":null}},"type":"switch","locations":[{"start":{"line":85,"column":4},"end":{"line":86,"column":null}},{"start":{"line":87,"column":4},"end":{"line":88,"column":null}},{"start":{"line":89,"column":4},"end":{"line":90,"column":null}}],"line":84},"4":{"loc":{"start":{"line":104,"column":2},"end":{"line":105,"column":null}},"type":"if","locations":[{"start":{"line":104,"column":2},"end":{"line":105,"column":null}},{"start":{},"end":{}}],"line":104},"5":{"loc":{"start":{"line":108,"column":2},"end":{"line":109,"column":null}},"type":"if","locations":[{"start":{"line":108,"column":2},"end":{"line":109,"column":null}},{"start":{},"end":{}}],"line":108}},"s":{"0":1,"1":1,"2":10,"3":9,"4":3,"5":18,"6":10,"7":37,"8":3,"9":3,"10":0,"11":0,"12":0,"13":0,"14":0,"15":0,"16":0,"17":0,"18":0,"19":0,"20":0},"f":{"0":10,"1":9,"2":3,"3":18,"4":10,"5":37,"6":3,"7":3,"8":0,"9":0,"10":0},"b":{"0":[18,15],"1":[10,2],"2":[3,0],"3":[0,0,0],"4":[0,0],"5":[0,0]},"meta":{"lastBranch":6,"lastFunction":11,"lastStatement":21,"seen":{"s:13:74:32:Infinity":0,"s:37:5:60:Infinity":1,"f:39:4:39:14":0,"s:39:27:39:59":2,"f:48:4:48:14":1,"s:48:27:48:Infinity":3,"f:56:43:56:48":2,"s:56:68:59:Infinity":4,"f:57:4:57:14":3,"s:57:35:57:94":5,"b:57:35:57:62:57:62:57:94":0,"f:62:16:62:39":4,"s:63:2:69:Infinity":6,"b:64:4:64:70:64:70:69:Infinity":1,"f:64:18:64:24":5,"s:64:34:64:57":7,"f:73:16:73:35":6,"s:74:2:74:Infinity":8,"f:77:16:77:40":7,"s:78:2:78:Infinity":9,"b:78:9:78:54:78:54:78:Infinity":2,"f:81:16:81:Infinity":8,"b:85:4:86:Infinity:87:4:88:Infinity:89:4:90:Infinity":3,"s:84:2:90:Infinity":10,"s:86:6:86:Infinity":11,"s:88:6:88:Infinity":12,"s:90:6:90:Infinity":13,"f:94:16:94:44":9,"s:95:2:95:Infinity":14,"f:98:16:98:Infinity":10,"s:102:17:102:49":15,"b:104:2:105:Infinity:undefined:undefined:undefined:undefined":4,"s:104:2:105:Infinity":16,"s:105:4:105:Infinity":17,"b:108:2:109:Infinity:undefined:undefined:undefined:undefined":5,"s:108:2:109:Infinity":18,"s:109:4:109:Infinity":19,"s:112:2:112:Infinity":20}}}
,"C:\\Users\\zadca\\OneDrive\\Documents\\GitHub\\marvels-fit-studios\\lib\\auth\\id-password-auth-service.ts": {"path":"C:\\Users\\zadca\\OneDrive\\Documents\\GitHub\\marvels-fit-studios\\lib\\auth\\id-password-auth-service.ts","statementMap":{"0":{"start":{"line":38,"column":19},"end":{"line":38,"column":null}},"1":{"start":{"line":39,"column":29},"end":{"line":39,"column":null}},"2":{"start":{"line":42,"column":17},"end":{"line":58,"column":6}},"3":{"start":{"line":60,"column":4},"end":{"line":61,"column":null}},"4":{"start":{"line":61,"column":6},"end":{"line":61,"column":null}},"5":{"start":{"line":64,"column":20},"end":{"line":66,"column":null}},"6":{"start":{"line":69,"column":4},"end":{"line":70,"column":null}},"7":{"start":{"line":70,"column":6},"end":{"line":70,"column":null}},"8":{"start":{"line":73,"column":4},"end":{"line":76,"column":null}},"9":{"start":{"line":78,"column":4},"end":{"line":85,"column":null}},"10":{"start":{"line":89,"column":17},"end":{"line":92,"column":6}},"11":{"start":{"line":94,"column":4},"end":{"line":95,"column":null}},"12":{"start":{"line":95,"column":6},"end":{"line":95,"column":null}},"13":{"start":{"line":98,"column":23},"end":{"line":98,"column":48}},"14":{"start":{"line":99,"column":25},"end":{"line":99,"column":67}},"15":{"start":{"line":101,"column":4},"end":{"line":107,"column":null}},"16":{"start":{"line":111,"column":17},"end":{"line":117,"column":6}},"17":{"start":{"line":119,"column":4},"end":{"line":120,"column":null}},"18":{"start":{"line":120,"column":6},"end":{"line":120,"column":null}},"19":{"start":{"line":123,"column":27},"end":{"line":123,"column":63}},"20":{"start":{"line":125,"column":4},"end":{"line":132,"column":null}},"21":{"start":{"line":140,"column":17},"end":{"line":143,"column":6}},"22":{"start":{"line":145,"column":4},"end":{"line":146,"column":null}},"23":{"start":{"line":146,"column":6},"end":{"line":146,"column":null}},"24":{"start":{"line":149,"column":20},"end":{"line":151,"column":null}},"25":{"start":{"line":154,"column":4},"end":{"line":155,"column":null}},"26":{"start":{"line":155,"column":6},"end":{"line":155,"column":null}},"27":{"start":{"line":158,"column":27},"end":{"line":158,"column":63}},"28":{"start":{"line":160,"column":4},"end":{"line":166,"column":null}},"29":{"start":{"line":170,"column":4},"end":{"line":172,"column":null}},"30":{"start":{"line":171,"column":18},"end":{"line":171,"column":49}},"31":{"start":{"line":176,"column":37},"end":{"line":176,"column":64}}},"fnMap":{"0":{"name":"(anonymous_0)","decl":{"start":{"line":41,"column":8},"end":{"line":41,"column":21}},"loc":{"start":{"line":41,"column":68},"end":{"line":85,"column":null}},"line":41},"1":{"name":"(anonymous_1)","decl":{"start":{"line":88,"column":8},"end":{"line":88,"column":29}},"loc":{"start":{"line":88,"column":62},"end":{"line":107,"column":null}},"line":88},"2":{"name":"(anonymous_2)","decl":{"start":{"line":110,"column":8},"end":{"line":110,"column":22}},"loc":{"start":{"line":110,"column":73},"end":{"line":132,"column":null}},"line":110},"3":{"name":"(anonymous_3)","decl":{"start":{"line":135,"column":8},"end":{"line":135,"column":null}},"loc":{"start":{"line":139,"column":19},"end":{"line":166,"column":null}},"line":139},"4":{"name":"(anonymous_4)","decl":{"start":{"line":169,"column":2},"end":{"line":169,"column":10}},"loc":{"start":{"line":169,"column":39},"end":{"line":172,"column":null}},"line":169},"5":{"name":"(anonymous_5)","decl":{"start":{"line":171,"column":7},"end":{"line":171,"column":12}},"loc":{"start":{"line":171,"column":18},"end":{"line":171,"column":49}},"line":171}},"branchMap":{"0":{"loc":{"start":{"line":60,"column":4},"end":{"line":61,"column":null}},"type":"if","locations":[{"start":{"line":60,"column":4},"end":{"line":61,"column":null}},{"start":{},"end":{}}],"line":60},"1":{"loc":{"start":{"line":60,"column":8},"end":{"line":60,"column":33}},"type":"binary-expr","locations":[{"start":{"line":60,"column":8},"end":{"line":60,"column":17}},{"start":{"line":60,"column":17},"end":{"line":60,"column":33}}],"line":60},"2":{"loc":{"start":{"line":69,"column":4},"end":{"line":70,"column":null}},"type":"if","locations":[{"start":{"line":69,"column":4},"end":{"line":70,"column":null}},{"start":{},"end":{}}],"line":69},"3":{"loc":{"start":{"line":81,"column":12},"end":{"line":81,"column":null}},"type":"binary-expr","locations":[{"start":{"line":81,"column":12},"end":{"line":81,"column":44}},{"start":{"line":81,"column":44},"end":{"line":81,"column":null}}],"line":81},"4":{"loc":{"start":{"line":94,"column":4},"end":{"line":95,"column":null}},"type":"if","locations":[{"start":{"line":94,"column":4},"end":{"line":95,"column":null}},{"start":{},"end":{}}],"line":94},"5":{"loc":{"start":{"line":119,"column":4},"end":{"line":120,"column":null}},"type":"if","locations":[{"start":{"line":119,"column":4},"end":{"line":120,"column":null}},{"start":{},"end":{}}],"line":119},"6":{"loc":{"start":{"line":145,"column":4},"end":{"line":146,"column":null}},"type":"if","locations":[{"start":{"line":145,"column":4},"end":{"line":146,"column":null}},{"start":{},"end":{}}],"line":145},"7":{"loc":{"start":{"line":145,"column":8},"end":{"line":145,"column":33}},"type":"binary-expr","locations":[{"start":{"line":145,"column":8},"end":{"line":145,"column":17}},{"start":{"line":145,"column":17},"end":{"line":145,"column":33}}],"line":145},"8":{"loc":{"start":{"line":154,"column":4},"end":{"line":155,"column":null}},"type":"if","locations":[{"start":{"line":154,"column":4},"end":{"line":155,"column":null}},{"start":{},"end":{}}],"line":154}},"s":{"0":30,"1":30,"2":10,"3":10,"4":2,"5":8,"6":8,"7":1,"8":7,"9":7,"10":6,"11":6,"12":2,"13":4,"14":4,"15":4,"16":8,"17":8,"18":2,"19":6,"20":6,"21":8,"22":8,"23":2,"24":6,"25":6,"26":2,"27":4,"28":4,"29":4,"30":128,"31":1},"f":{"0":10,"1":6,"2":8,"3":8,"4":4,"5":128},"b":{"0":[2,8],"1":[10,9],"2":[1,7],"3":[7,7],"4":[2,4],"5":[2,6],"6":[2,6],"7":[8,7],"8":[2,4]},"meta":{"lastBranch":9,"lastFunction":6,"lastStatement":32,"seen":{"s:38:19:38:Infinity":0,"s:39:29:39:Infinity":1,"f:41:8:41:21":0,"s:42:17:58:6":2,"b:60:4:61:Infinity:undefined:undefined:undefined:undefined":0,"s:60:4:61:Infinity":3,"b:60:8:60:17:60:17:60:33":1,"s:61:6:61:Infinity":4,"s:64:20:66:Infinity":5,"b:69:4:70:Infinity:undefined:undefined:undefined:undefined":2,"s:69:4:70:Infinity":6,"s:70:6:70:Infinity":7,"s:73:4:76:Infinity":8,"s:78:4:85:Infinity":9,"b:81:12:81:44:81:44:81:Infinity":3,"f:88:8:88:29":1,"s:89:17:92:6":10,"b:94:4:95:Infinity:undefined:undefined:undefined:undefined":4,"s:94:4:95:Infinity":11,"s:95:6:95:Infinity":12,"s:98:23:98:48":13,"s:99:25:99:67":14,"s:101:4:107:Infinity":15,"f:110:8:110:22":2,"s:111:17:117:6":16,"b:119:4:120:Infinity:undefined:undefined:undefined:undefined":5,"s:119:4:120:Infinity":17,"s:120:6:120:Infinity":18,"s:123:27:123:63":19,"s:125:4:132:Infinity":20,"f:135:8:135:Infinity":3,"s:140:17:143:6":21,"b:145:4:146:Infinity:undefined:undefined:undefined:undefined":6,"s:145:4:146:Infinity":22,"b:145:8:145:17:145:17:145:33":7,"s:146:6:146:Infinity":23,"s:149:20:151:Infinity":24,"b:154:4:155:Infinity:undefined:undefined:undefined:undefined":8,"s:154:4:155:Infinity":25,"s:155:6:155:Infinity":26,"s:158:27:158:63":27,"s:160:4:166:Infinity":28,"f:169:2:169:10":4,"s:170:4:172:Infinity":29,"f:171:7:171:12":5,"s:171:18:171:49":30,"s:176:37:176:64":31}}}
,"C:\\Users\\zadca\\OneDrive\\Documents\\GitHub\\marvels-fit-studios\\lib\\auth\\password-verifier.ts": {"path":"C:\\Users\\zadca\\OneDrive\\Documents\\GitHub\\marvels-fit-studios\\lib\\auth\\password-verifier.ts","statementMap":{"0":{"start":{"line":12,"column":4},"end":{"line":12,"column":null}}},"fnMap":{"0":{"name":"(anonymous_0)","decl":{"start":{"line":8,"column":8},"end":{"line":8,"column":null}},"loc":{"start":{"line":11,"column":22},"end":{"line":12,"column":null}},"line":11}},"branchMap":{},"s":{"0":7},"f":{"0":7},"b":{},"meta":{"lastBranch":0,"lastFunction":1,"lastStatement":1,"seen":{"f:8:8:8:Infinity":0,"s:12:4:12:Infinity":0}}}
,"C:\\Users\\zadca\\OneDrive\\Documents\\GitHub\\marvels-fit-studios\\lib\\coaches\\placeholder-coaches.ts": {"path":"C:\\Users\\zadca\\OneDrive\\Documents\\GitHub\\marvels-fit-studios\\lib\\coaches\\placeholder-coaches.ts","statementMap":{"0":{"start":{"line":1,"column":37},"end":{"line":7,"column":2}},"1":{"start":{"line":10,"column":2},"end":{"line":11,"column":null}},"2":{"start":{"line":11,"column":4},"end":{"line":11,"column":null}},"3":{"start":{"line":14,"column":2},"end":{"line":14,"column":null}},"4":{"start":{"line":18,"column":2},"end":{"line":19,"column":null}},"5":{"start":{"line":19,"column":4},"end":{"line":19,"column":null}},"6":{"start":{"line":22,"column":2},"end":{"line":22,"column":null}}},"fnMap":{"0":{"name":"isPlaceholderCoachName","decl":{"start":{"line":9,"column":16},"end":{"line":9,"column":39}},"loc":{"start":{"line":9,"column":73},"end":{"line":14,"column":null}},"line":9},"1":{"name":"getAssignedCoachLabel","decl":{"start":{"line":17,"column":16},"end":{"line":17,"column":38}},"loc":{"start":{"line":17,"column":72},"end":{"line":22,"column":null}},"line":17}},"branchMap":{"0":{"loc":{"start":{"line":10,"column":2},"end":{"line":11,"column":null}},"type":"if","locations":[{"start":{"line":10,"column":2},"end":{"line":11,"column":null}},{"start":{},"end":{}}],"line":10},"1":{"loc":{"start":{"line":18,"column":2},"end":{"line":19,"column":null}},"type":"if","locations":[{"start":{"line":18,"column":2},"end":{"line":19,"column":null}},{"start":{},"end":{}}],"line":18},"2":{"loc":{"start":{"line":18,"column":6},"end":{"line":18,"column":45}},"type":"binary-expr","locations":[{"start":{"line":18,"column":6},"end":{"line":18,"column":16}},{"start":{"line":18,"column":16},"end":{"line":18,"column":45}}],"line":18}},"s":{"0":1,"1":7,"2":0,"3":7,"4":19,"5":12,"6":7},"f":{"0":7,"1":19},"b":{"0":[0,7],"1":[12,7],"2":[19,7]},"meta":{"lastBranch":3,"lastFunction":2,"lastStatement":7,"seen":{"s:1:37:7:2":0,"f:9:16:9:39":0,"b:10:2:11:Infinity:undefined:undefined:undefined:undefined":0,"s:10:2:11:Infinity":1,"s:11:4:11:Infinity":2,"s:14:2:14:Infinity":3,"f:17:16:17:38":1,"b:18:2:19:Infinity:undefined:undefined:undefined:undefined":1,"s:18:2:19:Infinity":4,"b:18:6:18:16:18:16:18:45":2,"s:19:4:19:Infinity":5,"s:22:2:22:Infinity":6}}}
,"C:\\Users\\zadca\\OneDrive\\Documents\\GitHub\\marvels-fit-studios\\lib\\leads\\lead-credential-metadata.ts": {"path":"C:\\Users\\zadca\\OneDrive\\Documents\\GitHub\\marvels-fit-studios\\lib\\leads\\lead-credential-metadata.ts","statementMap":{"0":{"start":{"line":1,"column":32},"end":{"line":1,"column":null}},"1":{"start":{"line":4,"column":2},"end":{"line":4,"column":null}},"2":{"start":{"line":8,"column":21},"end":{"line":8,"column":34}},"3":{"start":{"line":10,"column":2},"end":{"line":11,"column":null}},"4":{"start":{"line":11,"column":4},"end":{"line":11,"column":null}},"5":{"start":{"line":14,"column":19},"end":{"line":14,"column":67}},"6":{"start":{"line":15,"column":2},"end":{"line":15,"column":null}}},"fnMap":{"0":{"name":"serializeLeadCredentialMetadata","decl":{"start":{"line":3,"column":16},"end":{"line":3,"column":48}},"loc":{"start":{"line":3,"column":66},"end":{"line":4,"column":null}},"line":3},"1":{"name":"readLeadCredentialClientId","decl":{"start":{"line":7,"column":16},"end":{"line":7,"column":43}},"loc":{"start":{"line":7,"column":77},"end":{"line":15,"column":null}},"line":7}},"branchMap":{"0":{"loc":{"start":{"line":10,"column":2},"end":{"line":11,"column":null}},"type":"if","locations":[{"start":{"line":10,"column":2},"end":{"line":11,"column":null}},{"start":{},"end":{}}],"line":10},"1":{"loc":{"start":{"line":15,"column":9},"end":{"line":15,"column":null}},"type":"cond-expr","locations":[{"start":{"line":15,"column":36},"end":{"line":15,"column":47}},{"start":{"line":15,"column":47},"end":{"line":15,"column":null}}],"line":15}},"s":{"0":1,"1":1,"2":0,"3":0,"4":0,"5":0,"6":0},"f":{"0":1,"1":0},"b":{"0":[0,0],"1":[0,0]},"meta":{"lastBranch":2,"lastFunction":2,"lastStatement":7,"seen":{"s:1:32:1:Infinity":0,"f:3:16:3:48":0,"s:4:2:4:Infinity":1,"f:7:16:7:43":1,"s:8:21:8:34":2,"b:10:2:11:Infinity:undefined:undefined:undefined:undefined":0,"s:10:2:11:Infinity":3,"s:11:4:11:Infinity":4,"s:14:19:14:67":5,"s:15:2:15:Infinity":6,"b:15:36:15:47:15:47:15:Infinity":1}}}
,"C:\\Users\\zadca\\OneDrive\\Documents\\GitHub\\marvels-fit-studios\\lib\\repositories\\admin-client-repository.ts": {"path":"C:\\Users\\zadca\\OneDrive\\Documents\\GitHub\\marvels-fit-studios\\lib\\repositories\\admin-client-repository.ts","statementMap":{"0":{"start":{"line":13,"column":22},"end":{"line":17,"column":2}},"1":{"start":{"line":19,"column":26},"end":{"line":25,"column":2}},"2":{"start":{"line":26,"column":26},"end":{"line":30,"column":2}},"3":{"start":{"line":33,"column":2},"end":{"line":33,"column":null}},"4":{"start":{"line":37,"column":2},"end":{"line":37,"column":null}},"5":{"start":{"line":41,"column":2},"end":{"line":45,"column":null}},"6":{"start":{"line":44,"column":19},"end":{"line":44,"column":63}},"7":{"start":{"line":52,"column":17},"end":{"line":54,"column":14}},"8":{"start":{"line":53,"column":27},"end":{"line":53,"column":63}},"9":{"start":{"line":55,"column":21},"end":{"line":56,"column":null}},"10":{"start":{"line":56,"column":17},"end":{"line":56,"column":null}},"11":{"start":{"line":58,"column":19},"end":{"line":59,"column":null}},"12":{"start":{"line":59,"column":17},"end":{"line":59,"column":null}},"13":{"start":{"line":62,"column":2},"end":{"line":63,"column":null}},"14":{"start":{"line":63,"column":4},"end":{"line":63,"column":null}},"15":{"start":{"line":66,"column":2},"end":{"line":67,"column":null}},"16":{"start":{"line":67,"column":4},"end":{"line":67,"column":null}},"17":{"start":{"line":70,"column":2},"end":{"line":70,"column":null}},"18":{"start":{"line":76,"column":2},"end":{"line":82,"column":null}},"19":{"start":{"line":78,"column":6},"end":{"line":78,"column":null}},"20":{"start":{"line":80,"column":6},"end":{"line":80,"column":null}},"21":{"start":{"line":82,"column":6},"end":{"line":82,"column":null}},"22":{"start":{"line":93,"column":2},"end":{"line":94,"column":null}},"23":{"start":{"line":94,"column":4},"end":{"line":94,"column":null}},"24":{"start":{"line":97,"column":2},"end":{"line":98,"column":null}},"25":{"start":{"line":98,"column":4},"end":{"line":98,"column":null}},"26":{"start":{"line":101,"column":29},"end":{"line":101,"column":null}},"27":{"start":{"line":103,"column":2},"end":{"line":104,"column":null}},"28":{"start":{"line":104,"column":4},"end":{"line":104,"column":null}},"29":{"start":{"line":107,"column":2},"end":{"line":108,"column":null}},"30":{"start":{"line":108,"column":4},"end":{"line":108,"column":null}},"31":{"start":{"line":111,"column":2},"end":{"line":111,"column":null}},"32":{"start":{"line":115,"column":19},"end":{"line":115,"column":null}},"33":{"start":{"line":127,"column":19},"end":{"line":127,"column":null}},"34":{"start":{"line":128,"column":20},"end":{"line":128,"column":null}},"35":{"start":{"line":129,"column":17},"end":{"line":129,"column":null}},"36":{"start":{"line":130,"column":34},"end":{"line":130,"column":null}},"37":{"start":{"line":133,"column":18},"end":{"line":189,"column":null}},"38":{"start":{"line":191,"column":69},"end":{"line":284,"column":6}},"39":{"start":{"line":285,"column":33},"end":{"line":298,"column":10}},"40":{"start":{"line":299,"column":27},"end":{"line":301,"column":10}},"41":{"start":{"line":302,"column":33},"end":{"line":302,"column":81}},"42":{"start":{"line":304,"column":4},"end":{"line":310,"column":null}},"43":{"start":{"line":305,"column":6},"end":{"line":310,"column":null}},"44":{"start":{"line":306,"column":8},"end":{"line":310,"column":null}},"45":{"start":{"line":307,"column":10},"end":{"line":310,"column":null}},"46":{"start":{"line":315,"column":26},"end":{"line":315,"column":51}},"47":{"start":{"line":317,"column":4},"end":{"line":324,"column":null}},"48":{"start":{"line":318,"column":27},"end":{"line":318,"column":73}},"49":{"start":{"line":320,"column":6},"end":{"line":321,"column":null}},"50":{"start":{"line":321,"column":8},"end":{"line":321,"column":null}},"51":{"start":{"line":324,"column":6},"end":{"line":324,"column":null}},"52":{"start":{"line":327,"column":20},"end":{"line":364,"column":null}},"53":{"start":{"line":328,"column":27},"end":{"line":328,"column":62}},"54":{"start":{"line":329,"column":26},"end":{"line":329,"column":null}},"55":{"start":{"line":330,"column":12},"end":{"line":333,"column":null}},"56":{"start":{"line":336,"column":6},"end":{"line":363,"column":null}},"57":{"start":{"line":359,"column":12},"end":{"line":359,"column":null}},"58":{"start":{"line":366,"column":27},"end":{"line":372,"column":43}},"59":{"start":{"line":367,"column":20},"end":{"line":367,"column":51}},"60":{"start":{"line":368,"column":6},"end":{"line":371,"column":null}},"61":{"start":{"line":372,"column":26},"end":{"line":372,"column":43}},"62":{"start":{"line":374,"column":4},"end":{"line":379,"column":null}},"63":{"start":{"line":383,"column":37},"end":{"line":383,"column":64}}},"fnMap":{"0":{"name":"formatDate","decl":{"start":{"line":32,"column":9},"end":{"line":32,"column":20}},"loc":{"start":{"line":32,"column":52},"end":{"line":33,"column":null}},"line":32},"1":{"name":"formatDateTime","decl":{"start":{"line":36,"column":9},"end":{"line":36,"column":24}},"loc":{"start":{"line":36,"column":56},"end":{"line":37,"column":null}},"line":36},"2":{"name":"titleCase","decl":{"start":{"line":40,"column":9},"end":{"line":40,"column":19}},"loc":{"start":{"line":40,"column":34},"end":{"line":45,"column":null}},"line":40},"3":{"name":"(anonymous_3)","decl":{"start":{"line":44,"column":5},"end":{"line":44,"column":10}},"loc":{"start":{"line":44,"column":19},"end":{"line":44,"column":63}},"line":44},"4":{"name":"inferMembership","decl":{"start":{"line":48,"column":9},"end":{"line":48,"column":25}},"loc":{"start":{"line":51,"column":26},"end":{"line":70,"column":null}},"line":51},"5":{"name":"(anonymous_5)","decl":{"start":{"line":53,"column":5},"end":{"line":53,"column":10}},"loc":{"start":{"line":53,"column":27},"end":{"line":53,"column":63}},"line":53},"6":{"name":"(anonymous_6)","decl":{"start":{"line":55,"column":37},"end":{"line":55,"column":null}},"loc":{"start":{"line":56,"column":17},"end":{"line":56,"column":null}},"line":56},"7":{"name":"(anonymous_7)","decl":{"start":{"line":58,"column":35},"end":{"line":58,"column":null}},"loc":{"start":{"line":59,"column":17},"end":{"line":59,"column":null}},"line":59},"8":{"name":"mapClientStatus","decl":{"start":{"line":73,"column":9},"end":{"line":73,"column":null}},"loc":{"start":{"line":75,"column":21},"end":{"line":82,"column":null}},"line":75},"9":{"name":"inferPaymentStatus","decl":{"start":{"line":86,"column":9},"end":{"line":86,"column":28}},"loc":{"start":{"line":92,"column":23},"end":{"line":111,"column":null}},"line":92},"10":{"name":"(anonymous_10)","decl":{"start":{"line":117,"column":8},"end":{"line":117,"column":13}},"loc":{"start":{"line":126,"column":5},"end":{"line":379,"column":null}},"line":126},"11":{"name":"(anonymous_11)","decl":{"start":{"line":327,"column":28},"end":{"line":327,"column":33}},"loc":{"start":{"line":327,"column":44},"end":{"line":364,"column":null}},"line":327},"12":{"name":"(anonymous_12)","decl":{"start":{"line":357,"column":38},"end":{"line":357,"column":null}},"loc":{"start":{"line":359,"column":12},"end":{"line":359,"column":null}},"line":359},"13":{"name":"(anonymous_13)","decl":{"start":{"line":366,"column":52},"end":{"line":366,"column":55}},"loc":{"start":{"line":366,"column":68},"end":{"line":372,"column":7}},"line":366},"14":{"name":"(anonymous_14)","decl":{"start":{"line":372,"column":7},"end":{"line":372,"column":15}},"loc":{"start":{"line":372,"column":26},"end":{"line":372,"column":43}},"line":372}},"branchMap":{"0":{"loc":{"start":{"line":33,"column":9},"end":{"line":33,"column":null}},"type":"cond-expr","locations":[{"start":{"line":33,"column":17},"end":{"line":33,"column":44}},{"start":{"line":33,"column":47},"end":{"line":33,"column":null}}],"line":33},"1":{"loc":{"start":{"line":37,"column":9},"end":{"line":37,"column":null}},"type":"cond-expr","locations":[{"start":{"line":37,"column":17},"end":{"line":37,"column":48}},{"start":{"line":37,"column":51},"end":{"line":37,"column":null}}],"line":37},"2":{"loc":{"start":{"line":62,"column":2},"end":{"line":63,"column":null}},"type":"if","locations":[{"start":{"line":62,"column":2},"end":{"line":63,"column":null}},{"start":{},"end":{}}],"line":62},"3":{"loc":{"start":{"line":62,"column":6},"end":{"line":62,"column":61}},"type":"binary-expr","locations":[{"start":{"line":62,"column":6},"end":{"line":62,"column":31}},{"start":{"line":62,"column":36},"end":{"line":62,"column":50}},{"start":{"line":62,"column":50},"end":{"line":62,"column":61}}],"line":62},"4":{"loc":{"start":{"line":66,"column":2},"end":{"line":67,"column":null}},"type":"if","locations":[{"start":{"line":66,"column":2},"end":{"line":67,"column":null}},{"start":{},"end":{}}],"line":66},"5":{"loc":{"start":{"line":66,"column":6},"end":{"line":66,"column":48}},"type":"binary-expr","locations":[{"start":{"line":66,"column":6},"end":{"line":66,"column":32}},{"start":{"line":66,"column":36},"end":{"line":66,"column":48}}],"line":66},"6":{"loc":{"start":{"line":76,"column":2},"end":{"line":82,"column":null}},"type":"switch","locations":[{"start":{"line":77,"column":4},"end":{"line":78,"column":null}},{"start":{"line":79,"column":4},"end":{"line":80,"column":null}},{"start":{"line":81,"column":4},"end":{"line":82,"column":null}}],"line":76},"7":{"loc":{"start":{"line":93,"column":2},"end":{"line":94,"column":null}},"type":"if","locations":[{"start":{"line":93,"column":2},"end":{"line":94,"column":null}},{"start":{},"end":{}}],"line":93},"8":{"loc":{"start":{"line":97,"column":2},"end":{"line":98,"column":null}},"type":"if","locations":[{"start":{"line":97,"column":2},"end":{"line":98,"column":null}},{"start":{},"end":{}}],"line":97},"9":{"loc":{"start":{"line":103,"column":2},"end":{"line":104,"column":null}},"type":"if","locations":[{"start":{"line":103,"column":2},"end":{"line":104,"column":null}},{"start":{},"end":{}}],"line":103},"10":{"loc":{"start":{"line":107,"column":2},"end":{"line":108,"column":null}},"type":"if","locations":[{"start":{"line":107,"column":2},"end":{"line":108,"column":null}},{"start":{},"end":{}}],"line":107},"11":{"loc":{"start":{"line":127,"column":19},"end":{"line":127,"column":null}},"type":"binary-expr","locations":[{"start":{"line":127,"column":19},"end":{"line":127,"column":40}},{"start":{"line":127,"column":44},"end":{"line":127,"column":null}}],"line":127},"12":{"loc":{"start":{"line":128,"column":20},"end":{"line":128,"column":null}},"type":"binary-expr","locations":[{"start":{"line":128,"column":20},"end":{"line":128,"column":68}},{"start":{"line":128,"column":72},"end":{"line":128,"column":null}}],"line":128},"13":{"loc":{"start":{"line":129,"column":17},"end":{"line":129,"column":null}},"type":"cond-expr","locations":[{"start":{"line":129,"column":42},"end":{"line":129,"column":51}},{"start":{"line":129,"column":51},"end":{"line":129,"column":null}}],"line":129},"14":{"loc":{"start":{"line":135,"column":8},"end":{"line":142,"column":14}},"type":"cond-expr","locations":[{"start":{"line":136,"column":12},"end":{"line":140,"column":null}},{"start":{"line":142,"column":12},"end":{"line":142,"column":14}}],"line":135},"15":{"loc":{"start":{"line":143,"column":8},"end":{"line":188,"column":14}},"type":"cond-expr","locations":[{"start":{"line":144,"column":12},"end":{"line":186,"column":null}},{"start":{"line":188,"column":12},"end":{"line":188,"column":14}}],"line":143},"16":{"loc":{"start":{"line":285,"column":33},"end":{"line":298,"column":10}},"type":"cond-expr","locations":[{"start":{"line":286,"column":8},"end":{"line":297,"column":10}},{"start":{"line":298,"column":8},"end":{"line":298,"column":10}}],"line":285},"17":{"loc":{"start":{"line":299,"column":27},"end":{"line":301,"column":10}},"type":"cond-expr","locations":[{"start":{"line":300,"column":8},"end":{"line":300,"column":null}},{"start":{"line":301,"column":8},"end":{"line":301,"column":10}}],"line":299},"18":{"loc":{"start":{"line":306,"column":8},"end":{"line":310,"column":null}},"type":"if","locations":[{"start":{"line":306,"column":8},"end":{"line":310,"column":null}},{"start":{},"end":{}}],"line":306},"19":{"loc":{"start":{"line":320,"column":6},"end":{"line":321,"column":null}},"type":"if","locations":[{"start":{"line":320,"column":6},"end":{"line":321,"column":null}},{"start":{},"end":{}}],"line":320},"20":{"loc":{"start":{"line":324,"column":39},"end":{"line":324,"column":79}},"type":"binary-expr","locations":[{"start":{"line":324,"column":39},"end":{"line":324,"column":70}},{"start":{"line":324,"column":74},"end":{"line":324,"column":79}}],"line":324},"21":{"loc":{"start":{"line":331,"column":8},"end":{"line":333,"column":null}},"type":"binary-expr","locations":[{"start":{"line":331,"column":8},"end":{"line":331,"column":null}},{"start":{"line":332,"column":10},"end":{"line":332,"column":null}},{"start":{"line":333,"column":10},"end":{"line":333,"column":null}}],"line":331},"22":{"loc":{"start":{"line":339,"column":18},"end":{"line":339,"column":null}},"type":"binary-expr","locations":[{"start":{"line":339,"column":18},"end":{"line":339,"column":42}},{"start":{"line":339,"column":42},"end":{"line":339,"column":null}}],"line":339},"23":{"loc":{"start":{"line":340,"column":15},"end":{"line":340,"column":null}},"type":"binary-expr","locations":[{"start":{"line":340,"column":15},"end":{"line":340,"column":36}},{"start":{"line":340,"column":36},"end":{"line":340,"column":null}}],"line":340},"24":{"loc":{"start":{"line":341,"column":15},"end":{"line":341,"column":null}},"type":"binary-expr","locations":[{"start":{"line":341,"column":15},"end":{"line":341,"column":31}},{"start":{"line":341,"column":31},"end":{"line":341,"column":null}}],"line":341},"25":{"loc":{"start":{"line":345,"column":28},"end":{"line":347,"column":null}},"type":"cond-expr","locations":[{"start":{"line":346,"column":12},"end":{"line":346,"column":63}},{"start":{"line":347,"column":12},"end":{"line":347,"column":null}}],"line":345},"26":{"loc":{"start":{"line":349,"column":24},"end":{"line":349,"column":null}},"type":"binary-expr","locations":[{"start":{"line":349,"column":24},"end":{"line":349,"column":44}},{"start":{"line":349,"column":44},"end":{"line":349,"column":null}}],"line":349},"27":{"loc":{"start":{"line":350,"column":22},"end":{"line":350,"column":null}},"type":"binary-expr","locations":[{"start":{"line":350,"column":22},"end":{"line":350,"column":44}},{"start":{"line":350,"column":44},"end":{"line":350,"column":null}}],"line":350},"28":{"loc":{"start":{"line":351,"column":24},"end":{"line":351,"column":null}},"type":"binary-expr","locations":[{"start":{"line":351,"column":24},"end":{"line":351,"column":44}},{"start":{"line":351,"column":44},"end":{"line":351,"column":null}}],"line":351},"29":{"loc":{"start":{"line":352,"column":22},"end":{"line":352,"column":null}},"type":"binary-expr","locations":[{"start":{"line":352,"column":22},"end":{"line":352,"column":45}},{"start":{"line":352,"column":45},"end":{"line":352,"column":null}}],"line":352},"30":{"loc":{"start":{"line":354,"column":21},"end":{"line":356,"column":null}},"type":"cond-expr","locations":[{"start":{"line":355,"column":12},"end":{"line":355,"column":null}},{"start":{"line":356,"column":12},"end":{"line":356,"column":null}}],"line":354},"31":{"loc":{"start":{"line":370,"column":15},"end":{"line":370,"column":null}},"type":"binary-expr","locations":[{"start":{"line":370,"column":15},"end":{"line":370,"column":39}},{"start":{"line":370,"column":43},"end":{"line":370,"column":null}}],"line":370}},"s":{"0":1,"1":1,"2":1,"3":19,"4":13,"5":19,"6":19,"7":38,"8":8,"9":38,"10":
[...]
2}},"23":{"start":{"line":85,"column":42},"end":{"line":87,"column":2}},"24":{"start":{"line":89,"column":35},"end":{"line":98,"column":4}},"25":{"start":{"line":95,"column":20},"end":{"line":95,"column":63}},"26":{"start":{"line":100,"column":36},"end":{"line":113,"column":4}},"27":{"start":{"line":106,"column":20},"end":{"line":106,"column":63}},"28":{"start":{"line":110,"column":20},"end":{"line":110,"column":63}}},"fnMap":{"0":{"name":"normalizePhoneNumber","decl":{"start":{"line":3,"column":16},"end":{"line":3,"column":37}},"loc":{"start":{"line":3,"column":52},"end":{"line":24,"column":null}},"line":3},"1":{"name":"(anonymous_1)","decl":{"start":{"line":48,"column":3},"end":{"line":48,"column":14}},"loc":{"start":{"line":48,"column":24},"end":{"line":48,"column":51}},"line":48},"2":{"name":"(anonymous_2)","decl":{"start":{"line":95,"column":3},"end":{"line":95,"column":11}},"loc":{"start":{"line":95,"column":20},"end":{"line":95,"column":63}},"line":95},"3":{"name":"(anonymous_3)","decl":{"start":{"line":106,"column":3},"end":{"line":106,"column":11}},"loc":{"start":{"line":106,"column":20},"end":{"line":106,"column":63}},"line":106},"4":{"name":"(anonymous_4)","decl":{"start":{"line":110,"column":3},"end":{"line":110,"column":11}},"loc":{"start":{"line":110,"column":20},"end":{"line":110,"column":63}},"line":110}},"branchMap":{"0":{"loc":{"start":{"line":8,"column":2},"end":{"line":9,"column":null}},"type":"if","locations":[{"start":{"line":8,"column":2},"end":{"line":9,"column":null}},{"start":{},"end":{}}],"line":8},"1":{"loc":{"start":{"line":12,"column":2},"end":{"line":13,"column":null}},"type":"if","locations":[{"start":{"line":12,"column":2},"end":{"line":13,"column":null}},{"start":{},"end":{}}],"line":12},"2":{"loc":{"start":{"line":12,"column":6},"end":{"line":12,"column":54}},"type":"binary-expr","locations":[{"start":{"line":12,"column":6},"end":{"line":12,"column":29}},{"start":{"line":12,"column":33},"end":{"line":12,"column":54}}],"line":12},"3":{"loc":{"start":{"line":16,"column":2},"end":{"line":17,"column":null}},"type":"if","locations":[{"start":{"line":16,"column":2},"end":{"line":17,"column":null}},{"start":{},"end":{}}],"line":16},"4":{"loc":{"start":{"line":16,"column":6},"end":{"line":16,"column":53}},"type":"binary-expr","locations":[{"start":{"line":16,"column":6},"end":{"line":16,"column":28}},{"start":{"line":16,"column":32},"end":{"line":16,"column":53}}],"line":16},"5":{"loc":{"start":{"line":20,"column":2},"end":{"line":21,"column":null}},"type":"if","locations":[{"start":{"line":20,"column":2},"end":{"line":21,"column":null}},{"start":{},"end":{}}],"line":20},"6":{"loc":{"start":{"line":24,"column":9},"end":{"line":24,"column":null}},"type":"cond-expr","locations":[{"start":{"line":24,"column":19},"end":{"line":24,"column":34}},{"start":{"line":24,"column":34},"end":{"line":24,"column":null}}],"line":24}},"s":{"0":21,"1":21,"2":21,"3":21,"4":0,"5":21,"6":9,"7":12,"8":10,"9":2,"10":1,"11":1,"12":5,"13":5,"14":5,"15":5,"16":11,"17":5,"18":5,"19":5,"20":5,"21":5,"22":5,"23":5,"24":5,"25":2,"26":5,"27":3,"28":3},"f":{"0":21,"1":11,"2":2,"3":3,"4":3},"b":{"0":[0,21],"1":[9,12],"2":[21,9],"3":[10,2],"4":[12,10],"5":[1,1],"6":[0,1]},"meta":{"lastBranch":7,"lastFunction":5,"lastStatement":29,"seen":{"f:3:16:3:37":0,"s:4:18:4:30":0,"s:5:18:5:41":1,"s:6:17:6:43":2,"b:8:2:9:Infinity:undefined:undefined:undefined:undefined":0,"s:8:2:9:Infinity":3,"s:9:4:9:Infinity":4,"b:12:2:13:Infinity:undefined:undefined:undefined:undefined":1,"s:12:2:13:Infinity":5,"b:12:6:12:29:12:33:12:54":2,"s:13:4:13:Infinity":6,"b:16:2:17:Infinity:undefined:undefined:undefined:undefined":3,"s:16:2:17:Infinity":7,"b:16:6:16:28:16:32:16:53":4,"s:17:4:17:Infinity":8,"b:20:2:21:Infinity:undefined:undefined:undefined:undefined":5,"s:20:2:21:Infinity":9,"s:21:4:21:Infinity":10,"s:24:2:24:Infinity":11,"b:24:19:24:34:24:34:24:Infinity":6,"s:27:30:31:57":12,"s:33:30:37:62":13,"s:39:33:42:13":14,"s:44:27:52:Infinity":15,"f:48:3:48:14":1,"s:48:24:48:51":16,"s:55:30:59:57":17,"s:61:27:66:20":18,"s:68:35:71:2":19,"s:73:27:73:Infinity":20,"s:75:32:78:2":21,"s:80:40:83:2":22,"s:85:42:87:2":23,"s:89:35:98:4":24,"f:95:3:95:11":2,"s:95:20:95:63":25,"s:100:36:113:4":26,"f:106:3:106:11":3,"s:106:20:106:63":27,"f:110:3:110:11":4,"s:110:20:110:63":28}}}
,"C:\\Users\\zadca\\OneDrive\\Documents\\GitHub\\marvels-fit-studios\\lib\\validators\\schedule-block.ts": {"path":"C:\\Users\\zadca\\OneDrive\\Documents\\GitHub\\marvels-fit-studios\\lib\\validators\\schedule-block.ts","statementMap":{"0":{"start":{"line":8,"column":19},"end":{"line":11,"column":56}},"1":{"start":{"line":13,"column":19},"end":{"line":16,"column":67}},"2":{"start":{"line":18,"column":32},"end":{"line":104,"column":null}},"3":{"start":{"line":55,"column":21},"end":{"line":55,"column":59}},"4":{"start":{"line":56,"column":19},"end":{"line":56,"column":55}},"5":{"start":{"line":58,"column":4},"end":{"line":63,"column":null}},"6":{"start":{"line":59,"column":6},"end":{"line":63,"column":null}},"7":{"start":{"line":66,"column":4},"end":{"line":75,"column":null}},"8":{"start":{"line":71,"column":6},"end":{"line":75,"column":null}},"9":{"start":{"line":78,"column":4},"end":{"line":83,"column":null}},"10":{"start":{"line":79,"column":6},"end":{"line":83,"column":null}},"11":{"start":{"line":86,"column":4},"end":{"line":91,"column":null}},"12":{"start":{"line":87,"column":6},"end":{"line":91,"column":null}},"13":{"start":{"line":94,"column":4},"end":{"line":102,"column":null}},"14":{"start":{"line":98,"column":6},"end":{"line":102,"column":null}},"15":{"start":{"line":106,"column":41},"end":{"line":106,"column":null}},"16":{"start":{"line":108,"column":41},"end":{"line":111,"column":2}},"17":{"start":{"line":113,"column":49},"end":{"line":116,"column":2}},"18":{"start":{"line":118,"column":48},"end":{"line":121,"column":2}},"19":{"start":{"line":123,"column":44},"end":{"line":126,"column":2}},"20":{"start":{"line":128,"column":44},"end":{"line":132,"column":2}}},"fnMap":{"0":{"name":"(anonymous_0)","decl":{"start":{"line":54,"column":3},"end":{"line":54,"column":16}},"loc":{"start":{"line":54,"column":35},"end":{"line":104,"column":null}},"line":54}},"branchMap":{"0":{"loc":{"start":{"line":58,"column":4},"end":{"line":63,"column":null}},"type":"if","locations":[{"start":{"line":58,"column":4},"end":{"line":63,"column":null}},{"start":{},"end":{}}],"line":58},"1":{"loc":{"start":{"line":58,"column":8},"end":{"line":58,"column":74}},"type":"binary-expr","locations":[{"start":{"line":58,"column":8},"end":{"line":58,"column":40}},{"start":{"line":58,"column":44},"end":{"line":58,"column":74}}],"line":58},"2":{"loc":{"start":{"line":66,"column":4},"end":{"line":75,"column":null}},"type":"if","locations":[{"start":{"line":66,"column":4},"end":{"line":75,"column":null}},{"start":{},"end":{}}],"line":66},"3":{"loc":{"start":{"line":67,"column":6},"end":{"line":69,"column":null}},"type":"binary-expr","locations":[{"start":{"line":67,"column":6},"end":{"line":67,"column":39}},{"start":{"line":68,"column":6},"end":{"line":68,"column":37}},{"start":{"line":69,"column":6},"end":{"line":69,"column":null}}],"line":67},"4":{"loc":{"start":{"line":78,"column":4},"end":{"line":83,"column":null}},"type":"if","locations":[{"start":{"line":78,"column":4},"end":{"line":83,"column":null}},{"start":{},"end":{}}],"line":78},"5":{"loc":{"start":{"line":86,"column":4},"end":{"line":91,"column":null}},"type":"if","locations":[{"start":{"line":86,"column":4},"end":{"line":91,"column":null}},{"start":{},"end":{}}],"line":86},"6":{"loc":{"start":{"line":86,"column":8},"end":{"line":86,"column":83}},"type":"binary-expr","locations":[{"start":{"line":86,"column":8},"end":{"line":86,"column":61}},{"start":{"line":86,"column":61},"end":{"line":86,"column":83}}],"line":86},"7":{"loc":{"start":{"line":94,"column":4},"end":{"line":102,"column":null}},"type":"if","locations":[{"start":{"line":94,"column":4},"end":{"line":102,"column":null}},{"start":{},"end":{}}],"line":94},"8":{"loc":{"start":{"line":95,"column":6},"end":{"line":96,"column":null}},"type":"binary-expr","locations":[{"start":{"line":95,"column":6},"end":{"line":95,"column":null}},{"start":{"line":96,"column":6},"end":{"line":96,"column":null}}],"line":95}},"s":{"0":1,"1":1,"2":1,"3":38,"4":38,"5":38,"6":2,"7":38,"8":1,"9":38,"10":2,"11":38,"12":1,"13":38,"14":2,"15":1,"16":1,"17":1,"18":1,"19":1,"20":1},"f":{"0":38},"b":{"0":[2,36],"1":[38,37],"2":[1,37],"3":[38,37,36],"4":[2,36],"5":[1,37],"6":[38,4],"7":[2,36],"8":[38,4]},"meta":{"lastBranch":9,"lastFunction":1,"lastStatement":21,"seen":{"s:8:19:11:56":0,"s:13:19:16:67":1,"s:18:32:104:Infinity":2,"f:54:3:54:16":0,"s:55:21:55:59":3,"s:56:19:56:55":4,"b:58:4:63:Infinity:undefined:undefined:undefined:undefined":0,"s:58:4:63:Infinity":5,"b:58:8:58:40:58:44:58:74":1,"s:59:6:63:Infinity":6,"b:66:4:75:Infinity:undefined:undefined:undefined:undefined":2,"s:66:4:75:Infinity":7,"b:67:6:67:39:68:6:68:37:69:6:69:Infinity":3,"s:71:6:75:Infinity":8,"b:78:4:83:Infinity:undefined:undefined:undefined:undefined":4,"s:78:4:83:Infinity":9,"s:79:6:83:Infinity":10,"b:86:4:91:Infinity:undefined:undefined:undefined:undefined":5,"s:86:4:91:Infinity":11,"b:86:8:86:61:86:61:86:83":6,"s:87:6:91:Infinity":12,"b:94:4:102:Infinity:undefined:undefined:undefined:undefined":7,"s:94:4:102:Infinity":13,"b:95:6:95:Infinity:96:6:96:Infinity":8,"s:98:6:102:Infinity":14,"s:106:41:106:Infinity":15,"s:108:41:111:2":16,"s:113:49:116:2":17,"s:118:48:121:2":18,"s:123:44:126:2":19,"s:128:44:132:2":20}}}
,"C:\\Users\\zadca\\OneDrive\\Documents\\GitHub\\marvels-fit-studios\\lib\\validators\\session-booking.ts": {"path":"C:\\Users\\zadca\\OneDrive\\Documents\\GitHub\\marvels-fit-studios\\lib\\validators\\session-booking.ts","statementMap":{"0":{"start":{"line":3,"column":42},"end":{"line":6,"column":2}},"1":{"start":{"line":8,"column":42},"end":{"line":11,"column":2}},"2":{"start":{"line":13,"column":45},"end":{"line":17,"column":2}}},"fnMap":{},"branchMap":{},"s":{"0":1,"1":1,"2":1},"f":{},"b":{},"meta":{"lastBranch":0,"lastFunction":0,"lastStatement":3,"seen":{"s:3:42:6:2":0,"s:8:42:11:2":1,"s:13:45:17:2":2}}}
,"C:\\Users\\zadca\\OneDrive\\Documents\\GitHub\\marvels-fit-studios\\lib\\validators\\training-session.ts": {"path":"C:\\Users\\zadca\\OneDrive\\Documents\\GitHub\\marvels-fit-studios\\lib\\validators\\training-session.ts","statementMap":{"0":{"start":{"line":4,"column":26},"end":{"line":70,"column":null}},"1":{"start":{"line":32,"column":21},"end":{"line":32,"column":45}},"2":{"start":{"line":33,"column":19},"end":{"line":33,"column":41}},"3":{"start":{"line":35,"column":4},"end":{"line":40,"column":null}},"4":{"start":{"line":36,"column":6},"end":{"line":40,"column":null}},"5":{"start":{"line":43,"column":4},"end":{"line":48,"column":null}},"6":{"start":{"line":44,"column":6},"end":{"line":48,"column":null}},"7":{"start":{"line":51,"column":4},"end":{"line":60,"column":null}},"8":{"start":{"line":56,"column":6},"end":{"line":60,"column":null}},"9":{"start":{"line":63,"column":4},"end":{"line":68,"column":null}},"10":{"start":{"line":64,"column":6},"end":{"line":68,"column":null}},"11":{"start":{"line":72,"column":43},"end":{"line":72,"column":null}},"12":{"start":{"line":74,"column":43},"end":{"line":76,"column":2}},"13":{"start":{"line":78,"column":43},"end":{"line":80,"column":2}},"14":{"start":{"line":82,"column":43},"end":{"line":84,"column":2}},"15":{"start":{"line":86,"column":48},"end":{"line":126,"column":null}},"16":{"start":{"line":103,"column":4},"end":{"line":108,"column":null}},"17":{"start":{"line":104,"column":6},"end":{"line":108,"column":null}},"18":{"start":{"line":111,"column":4},"end":{"line":116,"column":null}},"19":{"start":{"line":112,"column":6},"end":{"line":116,"column":null}},"20":{"start":{"line":119,"column":4},"end":{"line":124,"column":null}},"21":{"start":{"line":120,"column":6},"end":{"line":124,"column":null}}},"fnMap":{"0":{"name":"(anonymous_0)","decl":{"start":{"line":31,"column":3},"end":{"line":31,"column":16}},"loc":{"start":{"line":31,"column":35},"end":{"line":70,"column":null}},"line":31},"1":{"name":"(anonymous_1)","decl":{"start":{"line":102,"column":3},"end":{"line":102,"column":16}},"loc":{"start":{"line":102,"column":35},"end":{"line":126,"column":null}},"line":102}},"branchMap":{"0":{"loc":{"start":{"line":35,"column":4},"end":{"line":40,"column":null}},"type":"if","locations":[{"start":{"line":35,"column":4},"end":{"line":40,"column":null}},{"start":{},"end":{}}],"line":35},"1":{"loc":{"start":{"line":43,"column":4},"end":{"line":48,"column":null}},"type":"if","locations":[{"start":{"line":43,"column":4},"end":{"line":48,"column":null}},{"start":{},"end":{}}],"line":43},"2":{"loc":{"start":{"line":51,"column":4},"end":{"line":60,"column":null}},"type":"if","locations":[{"start":{"line":51,"column":4},"end":{"line":60,"column":null}},{"start":{},"end":{}}],"line":51},"3":{"loc":{"start":{"line":52,"column":6},"end":{"line":54,"column":null}},"type":"binary-expr","locations":[{"start":{"line":52,"column":6},"end":{"line":52,"column":39}},{"start":{"line":53,"column":6},"end":{"line":53,"column":37}},{"start":{"line":54,"column":6},"end":{"line":54,"column":null}}],"line":52},"4":{"loc":{"start":{"line":63,"column":4},"end":{"line":68,"column":null}},"type":"if","locations":[{"start":{"line":63,"column":4},"end":{"line":68,"column":null}},{"start":{},"end":{}}],"line":63},"5":{"loc":{"start":{"line":63,"column":8},"end":{"line":63,"column":76}},"type":"binary-expr","locations":[{"start":{"line":63,"column":8},"end":{"line":63,"column":54}},{"start":{"line":63,"column":54},"end":{"line":63,"column":76}}],"line":63},"6":{"loc":{"start":{"line":103,"column":4},"end":{"line":108,"column":null}},"type":"if","locations":[{"start":{"line":103,"column":4},"end":{"line":108,"column":null}},{"start":{},"end":{}}],"line":103},"7":{"loc":{"start":{"line":103,"column":8},"end":{"line":103,"column":67}},"type":"binary-expr","locations":[{"start":{"line":103,"column":8},"end":{"line":103,"column":45}},{"start":{"line":103,"column":45},"end":{"line":103,"column":67}}],"line":103},"8":{"loc":{"start":{"line":111,"column":4},"end":{"line":116,"column":null}},"type":"if","locations":[{"start":{"line":111,"column":4},"end":{"line":116,"column":null}},{"start":{},"end":{}}],"line":111},"9":{"loc":{"start":{"line":111,"column":8},"end":{"line":111,"column":69}},"type":"binary-expr","locations":[{"start":{"line":111,"column":8},"end":{"line":111,"column":46}},{"start":{"line":111,"column":46},"end":{"line":111,"column":69}}],"line":111},"10":{"loc":{"start":{"line":119,"column":4},"end":{"line":124,"column":null}},"type":"if","locations":[{"start":{"line":119,"column":4},"end":{"line":124,"column":null}},{"start":{},"end":{}}],"line":119},"11":{"loc":{"start":{"line":119,"column":8},"end":{"line":119,"column":70}},"type":"binary-expr","locations":[{"start":{"line":119,"column":8},"end":{"line":119,"column":46}},{"start":{"line":119,"column":46},"end":{"line":119,"column":70}}],"line":119}},"s":{"0":1,"1":24,"2":24,"3":24,"4":1,"5":24,"6":1,"7":24,"8":2,"9":24,"10":1,"11":1,"12":1,"13":1,"14":1,"15":1,"16":13,"17":2,"18":13,"19":2,"20":13,"21":2},"f":{"0":24,"1":13},"b":{"0":[1,23],"1":[1,23],"2":[2,22],"3":[24,23,22],"4":[1,23],"5":[24,2],"6":[2,11],"7":[13,3],"8":[2,11],"9":[13,3],"10":[2,11],"11":[13,3]},"meta":{"lastBranch":12,"lastFunction":2,"lastStatement":22,"seen":{"s:4:26:70:Infinity":0,"f:31:3:31:16":0,"s:32:21:32:45":1,"s:33:19:33:41":2,"b:35:4:40:Infinity:undefined:undefined:undefined:undefined":0,"s:35:4:40:Infinity":3,"s:36:6:40:Infinity":4,"b:43:4:48:Infinity:undefined:undefined:undefined:undefined":1,"s:43:4:48:Infinity":5,"s:44:6:48:Infinity":6,"b:51:4:60:Infinity:undefined:undefined:undefined:undefined":2,"s:51:4:60:Infinity":7,"b:52:6:52:39:53:6:53:37:54:6:54:Infinity":3,"s:56:6:60:Infinity":8,"b:63:4:68:Infinity:undefined:undefined:undefined:undefined":4,"s:63:4:68:Infinity":9,"b:63:8:63:54:63:54:63:76":5,"s:64:6:68:Infinity":10,"s:72:43:72:Infinity":11,"s:74:43:76:2":12,"s:78:43:80:2":13,"s:82:43:84:2":14,"s:86:48:126:Infinity":15,"f:102:3:102:16":1,"b:103:4:108:Infinity:undefined:undefined:undefined:undefined":6,"s:103:4:108:Infinity":16,"b:103:8:103:45:103:45:103:67":7,"s:104:6:108:Infinity":17,"b:111:4:116:Infinity:undefined:undefined:undefined:undefined":8,"s:111:4:116:Infinity":18,"b:111:8:111:46:111:46:111:69":9,"s:112:6:116:Infinity":19,"b:119:4:124:Infinity:undefined:undefined:undefined:undefined":10,"s:119:4:124:Infinity":20,"b:119:8:119:46:119:46:119:70":11,"s:120:6:124:Infinity":21}}}
,"C:\\Users\\zadca\\OneDrive\\Documents\\GitHub\\marvels-fit-studios\\tests\\test-utils.ts": {"path":"C:\\Users\\zadca\\OneDrive\\Documents\\GitHub\\marvels-fit-studios\\tests\\test-utils.ts","statementMap":{"0":{"start":{"line":9,"column":2},"end":{"line":76,"column":null}},"1":{"start":{"line":82,"column":29},"end":{"line":82,"column":60}},"2":{"start":{"line":82,"column":41},"end":{"line":82,"column":59}},"3":{"start":{"line":88,"column":2},"end":{"line":96,"column":null}},"4":{"start":{"line":103,"column":2},"end":{"line":113,"column":null}},"5":{"start":{"line":120,"column":2},"end":{"line":133,"column":null}},"6":{"start":{"line":140,"column":2},"end":{"line":149,"column":null}},"7":{"start":{"line":159,"column":2},"end":{"line":159,"column":null}},"8":{"start":{"line":166,"column":2},"end":{"line":166,"column":null}}},"fnMap":{"0":{"name":"createMockPrisma","decl":{"start":{"line":8,"column":16},"end":{"line":8,"column":58}},"loc":{"start":{"line":8,"column":58},"end":{"line":76,"column":null}},"line":8},"1":{"name":"(anonymous_1)","decl":{"start":{"line":82,"column":32},"end":{"line":82,"column":41}},"loc":{"start":{"line":82,"column":41},"end":{"line":82,"column":59}},"line":82},"2":{"name":"createTestUser","decl":{"start":{"line":87,"column":16},"end":{"line":87,"column":31}},"loc":{"start":{"line":87,"column":57},"end":{"line":96,"column":null}},"line":87},"3":{"name":"createTestClient","decl":{"start":{"line":102,"column":16},"end":{"line":102,"column":33}},"loc":{"start":{"line":102,"column":59},"end":{"line":113,"column":null}},"line":102},"4":{"name":"createTestTrainingSession","decl":{"start":{"line":119,"column":16},"end":{"line":119,"column":42}},"loc":{"start":{"line":119,"column":68},"end":{"line":133,"column":null}},"line":119},"5":{"name":"createTestSessionBooking","decl":{"start":{"line":139,"column":16},"end":{"line":139,"column":41}},"loc":{"start":{"line":139,"column":67},"end":{"line":149,"column":null}},"line":139},"6":{"name":"assertCalledWith","decl":{"start":{"line":155,"column":16},"end":{"line":155,"column":null}},"loc":{"start":{"line":158,"column":2},"end":{"line":159,"column":null}},"line":158},"7":{"name":"assertNotCalled","decl":{"start":{"line":165,"column":16},"end":{"line":165,"column":32}},"loc":{"start":{"line":165,"column":41},"end":{"line":166,"column":null}},"line":165}},"branchMap":{},"s":{"0":94,"1":4,"2":2,"3":0,"4":0,"5":0,"6":0,"7":0,"8":0},"f":{"0":94,"1":2,"2":0,"3":0,"4":0,"5":0,"6":0,"7":0},"b":{},"meta":{"lastBranch":0,"lastFunction":8,"lastStatement":9,"seen":{"f:8:16:8:58":0,"s:9:2:76:Infinity":0,"s:82:29:82:60":1,"f:82:32:82:41":1,"s:82:41:82:59":2,"f:87:16:87:31":2,"s:88:2:96:Infinity":3,"f:102:16:102:33":3,"s:103:2:113:Infinity":4,"f:119:16:119:42":4,"s:120:2:133:Infinity":5,"f:139:16:139:41":5,"s:140:2:149:Infinity":6,"f:155:16:155:Infinity":6,"s:159:2:159:Infinity":7,"f:165:16:165:32":7,"s:166:2:166:Infinity":8}}}
,"C:\\Users\\zadca\\OneDrive\\Documents\\GitHub\\marvels-fit-studios\\tests\\mocks\\server-only.ts": {"path":"C:\\Users\\zadca\\OneDrive\\Documents\\GitHub\\marvels-fit-studios\\tests\\mocks\\server-only.ts","statementMap":{"0":{"start":{"line":3,"column":23},"end":{"line":3,"column":25}}},"fnMap":{},"branchMap":{},"s":{"0":6},"f":{},"b":{},"meta":{"lastBranch":0,"lastFunction":0,"lastStatement":1,"seen":{"s:3:23:3:25":0}}}
}
